Tue Mar 23 04:46:14 2021
Create Relation ADR_CONTROL
Create Relation ADR_INVALIDATION
Create Relation INC_METER_IMPT_DEF
Create Relation INC_METER_PK_IMPTS


***********************************************************************

Fatal NI connect error 12170.

  VERSION INFORMATION:
	TNS for Linux: Version 12.1.0.2.0 - Production
	TCP/IP NT Protocol Adapter for Linux: Version 12.1.0.2.0 - Production
  Time: 23-MAR-2021 04:46:15
  Tracing not turned on.
  Tns error struct:
    ns main err code: 12535
    
TNS-12535: Message 12535 not found; No message file for product=network, facility=TNS
    ns secondary err code: 12560
    nt main err code: 505
    
TNS-00505: Message 505 not found; No message file for product=network, facility=TNS
    nt secondary err code: 110
    nt OS err code: 0
  Client address: <unknown>
Tue Mar 23 06:01:54 2021


***********************************************************************

Fatal NI connect error 12170.

  VERSION INFORMATION:
	TNS for Linux: Version 12.1.0.2.0 - Production
	TCP/IP NT Protocol Adapter for Linux: Version 12.1.0.2.0 - Production
  Time: 23-MAR-2021 06:01:55
  Tracing not turned on.
  Tns error struct:
    ns main err code: 12535
    
TNS-12535: Message 12535 not found; No message file for product=network, facility=TNS
    ns secondary err code: 12560
    nt main err code: 505
    
TNS-00505: Message 505 not found; No message file for product=network, facility=TNS
    nt secondary err code: 110
    nt OS err code: 0
  Client address: <unknown>
Tue Mar 23 08:05:13 2021


***********************************************************************

Fatal NI connect error 12170.

  VERSION INFORMATION:
	TNS for Linux: Version 12.1.0.2.0 - Production
	TCP/IP NT Protocol Adapter for Linux: Version 12.1.0.2.0 - Production
  Time: 23-MAR-2021 08:05:13
  Tracing not turned on.
  Tns error struct:
    ns main err code: 12535
    
TNS-12535: Message 12535 not found; No message file for product=network, facility=TNS
    ns secondary err code: 12560
    nt main err code: 505
    
TNS-00505: Message 505 not found; No message file for product=network, facility=TNS
    nt secondary err code: 110
    nt OS err code: 0
  Client address: <unknown>
Wed Mar 24 04:51:59 2021


***********************************************************************

Fatal NI connect error 12541, connecting to:
 (DESCRIPTION=(ADDRESS=(PROTOCOL=TCP)(HOST=10.3.22.55)(PORT=1531))(CONNECT_DATA=(SERVICE_NAME=DEV)(CID=(PROGRAM=php-fpm:?pool?www)(HOST=bd633ceb104f)(USER=www-data))))

  VERSION INFORMATION:
	TNS for Linux: Version 12.1.0.2.0 - Production
	TCP/IP NT Protocol Adapter for Linux: Version 12.1.0.2.0 - Production
  Time: 24-MAR-2021 04:51:59
  Tracing not turned on.
  Tns error struct:
    ns main err code: 12541
    
TNS-12541: Message 12541 not found; No message file for product=network, facility=TNS
    ns secondary err code: 12560
    nt main err code: 511
    
TNS-00511: Message 511 not found; No message file for product=network, facility=TNS
    nt secondary err code: 111
    nt OS err code: 0
Wed Mar 24 06:26:46 2021


***********************************************************************

Fatal NI connect error 12170.

  VERSION INFORMATION:
	TNS for Linux: Version 12.1.0.2.0 - Production
	TCP/IP NT Protocol Adapter for Linux: Version 12.1.0.2.0 - Production
  Time: 24-MAR-2021 06:26:46
  Tracing not turned on.
  Tns error struct:
    ns main err code: 12535
    
TNS-12535: Message 12535 not found; No message file for product=network, facility=TNS
    ns secondary err code: 12560
    nt main err code: 505
    
TNS-00505: Message 505 not found; No message file for product=network, facility=TNS
    nt secondary err code: 110
    nt OS err code: 0
  Client address: <unknown>
Wed Mar 24 08:24:32 2021


***********************************************************************

Fatal NI connect error 12170.

  VERSION INFORMATION:
	TNS for Linux: Version 12.1.0.2.0 - Production
	TCP/IP NT Protocol Adapter for Linux: Version 12.1.0.2.0 - Production
  Time: 24-MAR-2021 08:24:32
  Tracing not turned on.
  Tns error struct:
    ns main err code: 12535
    
TNS-12535: Message 12535 not found; No message file for product=network, facility=TNS
    ns secondary err code: 12560
    nt main err code: 505
    
TNS-00505: Message 505 not found; No message file for product=network, facility=TNS
    nt secondary err code: 110
    nt OS err code: 0
  Client address: <unknown>
Wed Mar 24 10:49:43 2021


***********************************************************************

Fatal NI connect error 12170.

  VERSION INFORMATION:
	TNS for Linux: Version 12.1.0.2.0 - Production
	TCP/IP NT Protocol Adapter for Linux: Version 12.1.0.2.0 - Production
  Time: 24-MAR-2021 10:49:43
  Tracing not turned on.
  Tns error struct:
    ns main err code: 12535
    
TNS-12535: Message 12535 not found; No message file for product=network, facility=TNS
    ns secondary err code: 12560
    nt main err code: 505
    
TNS-00505: Message 505 not found; No message file for product=network, facility=TNS
    nt secondary err code: 110
    nt OS err code: 0
  Client address: <unknown>
Wed Mar 24 13:30:30 2021


***********************************************************************

Fatal NI connect error 12170.

  VERSION INFORMATION:
	TNS for Linux: Version 12.1.0.2.0 - Production
	TCP/IP NT Protocol Adapter for Linux: Version 12.1.0.2.0 - Production
  Time: 24-MAR-2021 13:30:31
  Tracing not turned on.
  Tns error struct:
    ns main err code: 12535
    
TNS-12535: Message 12535 not found; No message file for product=network, facility=TNS
    ns secondary err code: 12560
    nt main err code: 505
    
TNS-00505: Message 505 not found; No message file for product=network, facility=TNS
    nt secondary err code: 110
    nt OS err code: 0
  Client address: <unknown>
Wed Mar 24 13:35:31 2021


***********************************************************************

Fatal NI connect error 12170.

  VERSION INFORMATION:
	TNS for Linux: Version 12.1.0.2.0 - Production
	TCP/IP NT Protocol Adapter for Linux: Version 12.1.0.2.0 - Production
  Time: 24-MAR-2021 13:35:31
  Tracing not turned on.
  Tns error struct:
    ns main err code: 12535
    
TNS-12535: Message 12535 not found; No message file for product=network, facility=TNS
    ns secondary err code: 12560
    nt main err code: 505
    
TNS-00505: Message 505 not found; No message file for product=network, facility=TNS
    nt secondary err code: 110
    nt OS err code: 0
  Client address: <unknown>
Fri Mar 26 06:02:46 2021


***********************************************************************

Fatal NI connect error 12170.

  VERSION INFORMATION:
	TNS for Linux: Version 12.1.0.2.0 - Production
	TCP/IP NT Protocol Adapter for Linux: Version 12.1.0.2.0 - Production
  Time: 26-MAR-2021 06:02:46
  Tracing not turned on.
  Tns error struct:
    ns main err code: 12535
    
TNS-12535: Message 12535 not found; No message file for product=network, facility=TNS
    ns secondary err code: 12560
    nt main err code: 505
    
TNS-00505: Message 505 not found; No message file for product=network, facility=TNS
    nt secondary err code: 110
    nt OS err code: 0
  Client address: <unknown>
Fri Mar 26 08:46:57 2021


***********************************************************************

Fatal NI connect error 12170.

  VERSION INFORMATION:
	TNS for Linux: Version 12.1.0.2.0 - Production
	TCP/IP NT Protocol Adapter for Linux: Version 12.1.0.2.0 - Production
  Time: 26-MAR-2021 08:46:57
  Tracing not turned on.
  Tns error struct:
    ns main err code: 12535
    
TNS-12535: Message 12535 not found; No message file for product=network, facility=TNS
    ns secondary err code: 12560
    nt main err code: 505
    
TNS-00505: Message 505 not found; No message file for product=network, facility=TNS
    nt secondary err code: 110
    nt OS err code: 0
  Client address: <unknown>
Fri Mar 26 09:02:59 2021


***********************************************************************

Fatal NI connect error 12170.

  VERSION INFORMATION:
	TNS for Linux: Version 12.1.0.2.0 - Production
	TCP/IP NT Protocol Adapter for Linux: Version 12.1.0.2.0 - Production
  Time: 26-MAR-2021 09:02:59
  Tracing not turned on.
  Tns error struct:
    ns main err code: 12535
    
TNS-12535: Message 12535 not found; No message file for product=network, facility=TNS
    ns secondary err code: 12560
    nt main err code: 505
    
TNS-00505: Message 505 not found; No message file for product=network, facility=TNS
    nt secondary err code: 110
    nt OS err code: 0
  Client address: <unknown>
Mon Mar 29 04:13:58 2021


***********************************************************************

Fatal NI connect error 12170.

  VERSION INFORMATION:
	TNS for Linux: Version 12.1.0.2.0 - Production
	TCP/IP NT Protocol Adapter for Linux: Version 12.1.0.2.0 - Production
  Time: 29-MAR-2021 04:13:58
  Tracing not turned on.
  Tns error struct:
    ns main err code: 12535
    
TNS-12535: Message 12535 not found; No message file for product=network, facility=TNS
    ns secondary err code: 12560
    nt main err code: 505
    
TNS-00505: Message 505 not found; No message file for product=network, facility=TNS
    nt secondary err code: 110
    nt OS err code: 0
  Client address: <unknown>
Mon Mar 29 04:14:04 2021


***********************************************************************

Fatal NI connect error 12170.

  VERSION INFORMATION:
	TNS for Linux: Version 12.1.0.2.0 - Production
	TCP/IP NT Protocol Adapter for Linux: Version 12.1.0.2.0 - Production
  Time: 29-MAR-2021 04:14:04
  Tracing not turned on.
  Tns error struct:
    ns main err code: 12535
    
TNS-12535: Message 12535 not found; No message file for product=network, facility=TNS
    ns secondary err code: 12560
    nt main err code: 505
    
TNS-00505: Message 505 not found; No message file for product=network, facility=TNS
    nt secondary err code: 110
    nt OS err code: 0
  Client address: <unknown>
Mon Mar 29 04:16:25 2021


***********************************************************************

Fatal NI connect error 12170.

  VERSION INFORMATION:
	TNS for Linux: Version 12.1.0.2.0 - Production
	TCP/IP NT Protocol Adapter for Linux: Version 12.1.0.2.0 - Production
  Time: 29-MAR-2021 04:16:26
  Tracing not turned on.
  Tns error struct:
    ns main err code: 12535
    
TNS-12535: Message 12535 not found; No message file for product=network, facility=TNS
    ns secondary err code: 12560
    nt main err code: 505
    
TNS-00505: Message 505 not found; No message file for product=network, facility=TNS
    nt secondary err code: 110
    nt OS err code: 0
  Client address: <unknown>
Mon Mar 29 04:39:45 2021


***********************************************************************
Mon Mar 29 04:39:45 2021


***********************************************************************

Fatal NI connect error 12541, connecting to:
 (DESCRIPTION=(ADDRESS=(PROTOCOL=TCP)(HOST=10.3.22.55)(PORT=1531))(CONNECT_DATA=(SERVICE_NAME=DEV)(CID=(PROGRAM=php-fpm:?pool?www)(HOST=bd633ceb104f)(USER=www-data))))

Fatal NI connect error 12541, connecting to:
 (DESCRIPTION=(ADDRESS=(PROTOCOL=TCP)(HOST=10.3.22.55)(PORT=1531))(CONNECT_DATA=(SERVICE_NAME=DEV)(CID=(PROGRAM=php-fpm:?pool?www)(HOST=bd633ceb104f)(USER=www-data))))

  VERSION INFORMATION:
	TNS for Linux: Version 12.1.0.2.0 - Production
	TCP/IP NT Protocol Adapter for Linux: Version 12.1.0.2.0 - Production

  VERSION INFORMATION:
	TNS for Linux: Version 12.1.0.2.0 - Production
	TCP/IP NT Protocol Adapter for Linux: Version 12.1.0.2.0 - Production
  Time: 29-MAR-2021 04:39:45
  Time: 29-MAR-2021 04:39:45
  Tracing not turned on.
  Tracing not turned on.
  Tns error struct:
  Tns error struct:
    ns main err code: 12541
    ns main err code: 12541
    
    
TNS-12541: Message 12541 not found; No message file for product=network, facility=TNS
TNS-12541: Message 12541 not found; No message file for product=network, facility=TNS
    ns secondary err code: 12560
    ns secondary err code: 12560
    nt main err code: 511
    nt main err code: 511
    
    
TNS-00511: Message 511 not found; No message file for product=network, facility=TNS
TNS-00511: Message 511 not found; No message file for product=network, facility=TNS
    nt secondary err code: 111
    nt secondary err code: 111
    nt OS err code: 0
Mon Mar 29 04:39:46 2021


***********************************************************************
    nt OS err code: 0

Fatal NI connect error 12541, connecting to:
 (DESCRIPTION=(ADDRESS=(PROTOCOL=TCP)(HOST=10.3.22.55)(PORT=1531))(CONNECT_DATA=(SERVICE_NAME=DEV)(CID=(PROGRAM=php-fpm:?pool?www)(HOST=bd633ceb104f)(USER=www-data))))

  VERSION INFORMATION:
	TNS for Linux: Version 12.1.0.2.0 - Production
	TCP/IP NT Protocol Adapter for Linux: Version 12.1.0.2.0 - Production
  Time: 29-MAR-2021 04:39:47
  Tracing not turned on.
  Tns error struct:
    ns main err code: 12541
    
TNS-12541: Message 12541 not found; No message file for product=network, facility=TNS
    ns secondary err code: 12560
    nt main err code: 511
    
TNS-00511: Message 511 not found; No message file for product=network, facility=TNS
Mon Mar 29 04:39:47 2021


***********************************************************************
    nt secondary err code: 111

Fatal NI connect error 12541, connecting to:
 (DESCRIPTION=(ADDRESS=(PROTOCOL=TCP)(HOST=10.3.22.55)(PORT=1531))(CONNECT_DATA=(SERVICE_NAME=DEV)(CID=(PROGRAM=php-fpm:?pool?www)(HOST=bd633ceb104f)(USER=www-data))))
    nt OS err code: 0

  VERSION INFORMATION:
	TNS for Linux: Version 12.1.0.2.0 - Production
	TCP/IP NT Protocol Adapter for Linux: Version 12.1.0.2.0 - Production
  Time: 29-MAR-2021 04:39:47
  Tracing not turned on.
  Tns error struct:
    ns main err code: 12541
    
TNS-12541: Message 12541 not found; No message file for product=network, facility=TNS
    ns secondary err code: 12560
    nt main err code: 511
    
TNS-00511: Message 511 not found; No message file for product=network, facility=TNS
    nt secondary err code: 111
    nt OS err code: 0
Mon Mar 29 04:39:48 2021


***********************************************************************

Fatal NI connect error 12541, connecting to:
 (DESCRIPTION=(ADDRESS=(PROTOCOL=TCP)(HOST=10.3.22.55)(PORT=1531))(CONNECT_DATA=(SERVICE_NAME=DEV)(CID=(PROGRAM=php-fpm:?pool?www)(HOST=bd633ceb104f)(USER=www-data))))

  VERSION INFORMATION:
	TNS for Linux: Version 12.1.0.2.0 - Production
	TCP/IP NT Protocol Adapter for Linux: Version 12.1.0.2.0 - Production
  Time: 29-MAR-2021 04:39:48
  Tracing not turned on.
  Tns error struct:
    ns main err code: 12541
    
TNS-12541: Message 12541 not found; No message file for product=network, facility=TNS
    ns secondary err code: 12560
    nt main err code: 511
    
TNS-00511: Message 511 not found; No message file for product=network, facility=TNS
    nt secondary err code: 111
    nt OS err code: 0
Mon Mar 29 04:40:02 2021


***********************************************************************

Fatal NI connect error 12541, connecting to:
 (DESCRIPTION=(ADDRESS=(PROTOCOL=TCP)(HOST=10.3.22.55)(PORT=1531))(CONNECT_DATA=(SERVICE_NAME=DEV)(CID=(PROGRAM=php-fpm:?pool?www)(HOST=bd633ceb104f)(USER=www-data))))

  VERSION INFORMATION:
	TNS for Linux: Version 12.1.0.2.0 - Production
	TCP/IP NT Protocol Adapter for Linux: Version 12.1.0.2.0 - Production
  Time: 29-MAR-2021 04:40:02
  Tracing not turned on.
  Tns error struct:
    ns main err code: 12541
    
TNS-12541: Message 12541 not found; No message file for product=network, facility=TNS
    ns secondary err code: 12560
    nt main err code: 511
    
TNS-00511: Message 511 not found; No message file for product=network, facility=TNS
    nt secondary err code: 111
    nt OS err code: 0
Thu Apr 01 09:22:33 2021


***********************************************************************

Fatal NI connect error 12170.

  VERSION INFORMATION:
	TNS for Linux: Version 12.1.0.2.0 - Production
	TCP/IP NT Protocol Adapter for Linux: Version 12.1.0.2.0 - Production
  Time: 01-APR-2021 09:22:33
  Tracing not turned on.
  Tns error struct:
    ns main err code: 12535
    
TNS-12535: Message 12535 not found; No message file for product=network, facility=TNS
    ns secondary err code: 12560
    nt main err code: 505
    
TNS-00505: Message 505 not found; No message file for product=network, facility=TNS
    nt secondary err code: 110
    nt OS err code: 0
  Client address: <unknown>
Thu Apr 01 09:23:11 2021


***********************************************************************

Fatal NI connect error 12170.

  VERSION INFORMATION:
	TNS for Linux: Version 12.1.0.2.0 - Production
	TCP/IP NT Protocol Adapter for Linux: Version 12.1.0.2.0 - Production
  Time: 01-APR-2021 09:23:11
  Tracing not turned on.
  Tns error struct:
    ns main err code: 12535
    
TNS-12535: Message 12535 not found; No message file for product=network, facility=TNS
    ns secondary err code: 12560
    nt main err code: 505
    
TNS-00505: Message 505 not found; No message file for product=network, facility=TNS
    nt secondary err code: 110
    nt OS err code: 0
  Client address: <unknown>
Thu Apr 01 20:10:52 2021


***********************************************************************

Fatal NI connect error 12170.

  VERSION INFORMATION:
	TNS for Linux: Version 12.1.0.2.0 - Production
	TCP/IP NT Protocol Adapter for Linux: Version 12.1.0.2.0 - Production
  Time: 01-APR-2021 20:10:52
  Tracing not turned on.
  Tns error struct:
    ns main err code: 12535
    
TNS-12535: Message 12535 not found; No message file for product=network, facility=TNS
    ns secondary err code: 12560
    nt main err code: 505
    
TNS-00505: Message 505 not found; No message file for product=network, facility=TNS
    nt secondary err code: 110
    nt OS err code: 0
  Client address: <unknown>
Fri Apr 02 05:33:24 2021


***********************************************************************

Fatal NI connect error 12170.

  VERSION INFORMATION:
	TNS for Linux: Version 12.1.0.2.0 - Production
	TCP/IP NT Protocol Adapter for Linux: Version 12.1.0.2.0 - Production
  Time: 02-APR-2021 05:33:24
  Tracing not turned on.
  Tns error struct:
    ns main err code: 12535
    
TNS-12535: Message 12535 not found; No message file for product=network, facility=TNS
    ns secondary err code: 12560
    nt main err code: 505
    
TNS-00505: Message 505 not found; No message file for product=network, facility=TNS
    nt secondary err code: 110
    nt OS err code: 0
  Client address: <unknown>
Sun Apr 04 20:23:49 2021


***********************************************************************

Fatal NI connect error 12170.

  VERSION INFORMATION:
	TNS for Linux: Version 12.1.0.2.0 - Production
	TCP/IP NT Protocol Adapter for Linux: Version 12.1.0.2.0 - Production
  Time: 04-APR-2021 20:23:49
  Tracing not turned on.
  Tns error struct:
    ns main err code: 12535
    
TNS-12535: Message 12535 not found; No message file for product=network, facility=TNS
    ns secondary err code: 12560
    nt main err code: 505
    
TNS-00505: Message 505 not found; No message file for product=network, facility=TNS
    nt secondary err code: 110
    nt OS err code: 0
  Client address: <unknown>
Sun Apr 04 20:24:10 2021


***********************************************************************

Fatal NI connect error 12170.

  VERSION INFORMATION:
	TNS for Linux: Version 12.1.0.2.0 - Production
	TCP/IP NT Protocol Adapter for Linux: Version 12.1.0.2.0 - Production
  Time: 04-APR-2021 20:24:10
  Tracing not turned on.
  Tns error struct:
    ns main err code: 12535
    
TNS-12535: Message 12535 not found; No message file for product=network, facility=TNS
    ns secondary err code: 12560
    nt main err code: 505
    
TNS-00505: Message 505 not found; No message file for product=network, facility=TNS
    nt secondary err code: 110
    nt OS err code: 0
  Client address: <unknown>
