Mon Mar 01 13:51:40 2021
Create Relation ADR_CONTROL
Create Relation ADR_INVALIDATION
Create Relation INC_METER_IMPT_DEF
Create Relation INC_METER_PK_IMPTS


***********************************************************************

Fatal NI connect error 12170.

  VERSION INFORMATION:
	TNS for Linux: Version 12.1.0.2.0 - Production
	TCP/IP NT Protocol Adapter for Linux: Version 12.1.0.2.0 - Production
  Time: 01-MAR-2021 13:51:41
  Tracing not turned on.
  Tns error struct:
    ns main err code: 12535
    
TNS-12535: Message 12535 not found; No message file for product=network, facility=TNS
    ns secondary err code: 12560
    nt main err code: 505
    
TNS-00505: Message 505 not found; No message file for product=network, facility=TNS
    nt secondary err code: 0
    nt OS err code: 0
  Client address: <unknown>
Mon Mar 01 15:06:39 2021


***********************************************************************

Fatal NI connect error 12541, connecting to:
 (DESCRIPTION=(ADDRESS=(PROTOCOL=TCP)(HOST=10.3.22.55)(PORT=1531))(CONNECT_DATA=(SERVICE_NAME=DEV)(CID=(PROGRAM=php-fpm:?pool?www)(HOST=e50ddeee3c05)(USER=www-data))))

  VERSION INFORMATION:
	TNS for Linux: Version 12.1.0.2.0 - Production
	TCP/IP NT Protocol Adapter for Linux: Version 12.1.0.2.0 - Production
  Time: 01-MAR-2021 15:06:39
  Tracing not turned on.
  Tns error struct:
    ns main err code: 12541
    
TNS-12541: Message 12541 not found; No message file for product=network, facility=TNS
    ns secondary err code: 12560
    nt main err code: 511
    
TNS-00511: Message 511 not found; No message file for product=network, facility=TNS
    nt secondary err code: 111
    nt OS err code: 0
Mon Mar 01 15:07:26 2021


***********************************************************************

Fatal NI connect error 12541, connecting to:
 (DESCRIPTION=(ADDRESS=(PROTOCOL=TCP)(HOST=10.3.22.55)(PORT=1531))(CONNECT_DATA=(SERVICE_NAME=DEV)(CID=(PROGRAM=php-fpm:?pool?www)(HOST=e50ddeee3c05)(USER=www-data))))

  VERSION INFORMATION:
	TNS for Linux: Version 12.1.0.2.0 - Production
	TCP/IP NT Protocol Adapter for Linux: Version 12.1.0.2.0 - Production
  Time: 01-MAR-2021 15:07:26
  Tracing not turned on.
  Tns error struct:
    ns main err code: 12541
    
TNS-12541: Message 12541 not found; No message file for product=network, facility=TNS
    ns secondary err code: 12560
    nt main err code: 511
    
TNS-00511: Message 511 not found; No message file for product=network, facility=TNS
    nt secondary err code: 111
    nt OS err code: 0


***********************************************************************

Fatal NI connect error 12541, connecting to:
 (DESCRIPTION=(ADDRESS=(PROTOCOL=TCP)(HOST=10.3.22.55)(PORT=1531))(CONNECT_DATA=(SERVICE_NAME=DEV)(CID=(PROGRAM=php-fpm:?pool?www)(HOST=e50ddeee3c05)(USER=www-data))))

  VERSION INFORMATION:
	TNS for Linux: Version 12.1.0.2.0 - Production
	TCP/IP NT Protocol Adapter for Linux: Version 12.1.0.2.0 - Production
  Time: 01-MAR-2021 15:07:31
  Tracing not turned on.
  Tns error struct:
    ns main err code: 12541
    
TNS-12541: Message 12541 not found; No message file for product=network, facility=TNS
    ns secondary err code: 12560
    nt main err code: 511
    
TNS-00511: Message 511 not found; No message file for product=network, facility=TNS
    nt secondary err code: 111
    nt OS err code: 0
Mon Mar 01 15:08:08 2021


***********************************************************************

Fatal NI connect error 12541, connecting to:
 (DESCRIPTION=(ADDRESS=(PROTOCOL=TCP)(HOST=10.3.22.55)(PORT=1531))(CONNECT_DATA=(SERVICE_NAME=DEV)(CID=(PROGRAM=php-fpm:?pool?www)(HOST=e50ddeee3c05)(USER=www-data))))

  VERSION INFORMATION:
	TNS for Linux: Version 12.1.0.2.0 - Production
	TCP/IP NT Protocol Adapter for Linux: Version 12.1.0.2.0 - Production
  Time: 01-MAR-2021 15:08:08
  Tracing not turned on.
  Tns error struct:
    ns main err code: 12541
    
TNS-12541: Message 12541 not found; No message file for product=network, facility=TNS
    ns secondary err code: 12560
    nt main err code: 511
    
TNS-00511: Message 511 not found; No message file for product=network, facility=TNS
    nt secondary err code: 111
    nt OS err code: 0
Mon Mar 01 19:15:27 2021


***********************************************************************

Fatal NI connect error 12541, connecting to:
 (DESCRIPTION=(ADDRESS=(PROTOCOL=TCP)(HOST=10.3.22.55)(PORT=1531))(CONNECT_DATA=(SERVICE_NAME=DEV)(CID=(PROGRAM=php-fpm:?pool?www)(HOST=e50ddeee3c05)(USER=www-data))))

  VERSION INFORMATION:
	TNS for Linux: Version 12.1.0.2.0 - Production
	TCP/IP NT Protocol Adapter for Linux: Version 12.1.0.2.0 - Production
  Time: 01-MAR-2021 19:15:27
  Tracing not turned on.
  Tns error struct:
    ns main err code: 12541
    
TNS-12541: Message 12541 not found; No message file for product=network, facility=TNS
    ns secondary err code: 12560
    nt main err code: 511
    
TNS-00511: Message 511 not found; No message file for product=network, facility=TNS
    nt secondary err code: 111
    nt OS err code: 0
Mon Mar 01 19:15:31 2021


***********************************************************************

Fatal NI connect error 12541, connecting to:
 (DESCRIPTION=(ADDRESS=(PROTOCOL=TCP)(HOST=10.3.22.55)(PORT=1531))(CONNECT_DATA=(SERVICE_NAME=DEV)(CID=(PROGRAM=php-fpm:?pool?www)(HOST=e50ddeee3c05)(USER=www-data))))

  VERSION INFORMATION:
	TNS for Linux: Version 12.1.0.2.0 - Production
	TCP/IP NT Protocol Adapter for Linux: Version 12.1.0.2.0 - Production
  Time: 01-MAR-2021 19:15:31
  Tracing not turned on.
  Tns error struct:
    ns main err code: 12541
    
TNS-12541: Message 12541 not found; No message file for product=network, facility=TNS
    ns secondary err code: 12560
    nt main err code: 511
    
TNS-00511: Message 511 not found; No message file for product=network, facility=TNS
    nt secondary err code: 111
    nt OS err code: 0
Wed Mar 03 03:22:21 2021


***********************************************************************

Fatal NI connect error 12541, connecting to:
 (DESCRIPTION=(ADDRESS=(PROTOCOL=TCP)(HOST=10.3.22.55)(PORT=1531))(CONNECT_DATA=(SERVICE_NAME=DEV)(CID=(PROGRAM=php-fpm:?pool?www)(HOST=e50ddeee3c05)(USER=www-data))))

  VERSION INFORMATION:
	TNS for Linux: Version 12.1.0.2.0 - Production
	TCP/IP NT Protocol Adapter for Linux: Version 12.1.0.2.0 - Production
  Time: 03-MAR-2021 03:22:21
  Tracing not turned on.
  Tns error struct:
    ns main err code: 12541
    
TNS-12541: Message 12541 not found; No message file for product=network, facility=TNS
    ns secondary err code: 12560
    nt main err code: 511
    
TNS-00511: Message 511 not found; No message file for product=network, facility=TNS
    nt secondary err code: 111
    nt OS err code: 0
Wed Mar 03 03:22:48 2021


***********************************************************************

Fatal NI connect error 12541, connecting to:
 (DESCRIPTION=(ADDRESS=(PROTOCOL=TCP)(HOST=10.3.22.55)(PORT=1531))(CONNECT_DATA=(SERVICE_NAME=DEV)(CID=(PROGRAM=php-fpm:?pool?www)(HOST=e50ddeee3c05)(USER=www-data))))

  VERSION INFORMATION:
	TNS for Linux: Version 12.1.0.2.0 - Production
	TCP/IP NT Protocol Adapter for Linux: Version 12.1.0.2.0 - Production
  Time: 03-MAR-2021 03:22:48
  Tracing not turned on.
  Tns error struct:
    ns main err code: 12541
    
TNS-12541: Message 12541 not found; No message file for product=network, facility=TNS
    ns secondary err code: 12560
    nt main err code: 511
    
TNS-00511: Message 511 not found; No message file for product=network, facility=TNS
    nt secondary err code: 111
    nt OS err code: 0
Wed Mar 03 03:23:02 2021


***********************************************************************

Fatal NI connect error 12541, connecting to:
 (DESCRIPTION=(ADDRESS=(PROTOCOL=TCP)(HOST=10.3.22.55)(PORT=1531))(CONNECT_DATA=(SERVICE_NAME=DEV)(CID=(PROGRAM=php-fpm:?pool?www)(HOST=e50ddeee3c05)(USER=www-data))))

  VERSION INFORMATION:
	TNS for Linux: Version 12.1.0.2.0 - Production
	TCP/IP NT Protocol Adapter for Linux: Version 12.1.0.2.0 - Production
  Time: 03-MAR-2021 03:23:02
  Tracing not turned on.
  Tns error struct:
    ns main err code: 12541
    
TNS-12541: Message 12541 not found; No message file for product=network, facility=TNS
    ns secondary err code: 12560
    nt main err code: 511
    
TNS-00511: Message 511 not found; No message file for product=network, facility=TNS
    nt secondary err code: 111
    nt OS err code: 0


***********************************************************************

Fatal NI connect error 12541, connecting to:
 (DESCRIPTION=(ADDRESS=(PROTOCOL=TCP)(HOST=10.3.22.55)(PORT=1531))(CONNECT_DATA=(SERVICE_NAME=DEV)(CID=(PROGRAM=php-fpm:?pool?www)(HOST=e50ddeee3c05)(USER=www-data))))

  VERSION INFORMATION:
	TNS for Linux: Version 12.1.0.2.0 - Production
	TCP/IP NT Protocol Adapter for Linux: Version 12.1.0.2.0 - Production
  Time: 03-MAR-2021 03:23:35
  Tracing not turned on.
  Tns error struct:
    ns main err code: 12541
    
TNS-12541: Message 12541 not found; No message file for product=network, facility=TNS
    ns secondary err code: 12560
    nt main err code: 511
    
TNS-00511: Message 511 not found; No message file for product=network, facility=TNS
    nt secondary err code: 111
    nt OS err code: 0


***********************************************************************

Fatal NI connect error 12541, connecting to:
 (DESCRIPTION=(ADDRESS=(PROTOCOL=TCP)(HOST=10.3.22.55)(PORT=1531))(CONNECT_DATA=(SERVICE_NAME=DEV)(CID=(PROGRAM=php-fpm:?pool?www)(HOST=e50ddeee3c05)(USER=www-data))))

  VERSION INFORMATION:
	TNS for Linux: Version 12.1.0.2.0 - Production
	TCP/IP NT Protocol Adapter for Linux: Version 12.1.0.2.0 - Production
  Time: 03-MAR-2021 03:24:20
  Tracing not turned on.
  Tns error struct:
    ns main err code: 12541
    
TNS-12541: Message 12541 not found; No message file for product=network, facility=TNS
    ns secondary err code: 12560
    nt main err code: 511
    
TNS-00511: Message 511 not found; No message file for product=network, facility=TNS
    nt secondary err code: 111
    nt OS err code: 0
Wed Mar 03 03:28:15 2021


***********************************************************************

Fatal NI connect error 12541, connecting to:
 (DESCRIPTION=(ADDRESS=(PROTOCOL=TCP)(HOST=10.3.22.55)(PORT=1531))(CONNECT_DATA=(SERVICE_NAME=DEV)(CID=(PROGRAM=php-fpm:?pool?www)(HOST=e50ddeee3c05)(USER=www-data))))

  VERSION INFORMATION:
	TNS for Linux: Version 12.1.0.2.0 - Production
	TCP/IP NT Protocol Adapter for Linux: Version 12.1.0.2.0 - Production
  Time: 03-MAR-2021 03:28:15
  Tracing not turned on.
  Tns error struct:
    ns main err code: 12541
    
TNS-12541: Message 12541 not found; No message file for product=network, facility=TNS
    ns secondary err code: 12560
    nt main err code: 511
    
TNS-00511: Message 511 not found; No message file for product=network, facility=TNS
    nt secondary err code: 111
    nt OS err code: 0
Wed Mar 03 03:28:26 2021


***********************************************************************

Fatal NI connect error 12541, connecting to:
 (DESCRIPTION=(ADDRESS=(PROTOCOL=TCP)(HOST=10.3.22.55)(PORT=1531))(CONNECT_DATA=(SERVICE_NAME=DEV)(CID=(PROGRAM=php-fpm:?pool?www)(HOST=e50ddeee3c05)(USER=www-data))))

  VERSION INFORMATION:
	TNS for Linux: Version 12.1.0.2.0 - Production
	TCP/IP NT Protocol Adapter for Linux: Version 12.1.0.2.0 - Production
  Time: 03-MAR-2021 03:28:26
  Tracing not turned on.
  Tns error struct:
    ns main err code: 12541
    
TNS-12541: Message 12541 not found; No message file for product=network, facility=TNS
    ns secondary err code: 12560
    nt main err code: 511
    
TNS-00511: Message 511 not found; No message file for product=network, facility=TNS
    nt secondary err code: 111
    nt OS err code: 0
Wed Mar 03 10:43:54 2021


***********************************************************************

Fatal NI connect error 12541, connecting to:
 (DESCRIPTION=(ADDRESS=(PROTOCOL=TCP)(HOST=10.3.22.55)(PORT=1531))(CONNECT_DATA=(SERVICE_NAME=DEV)(CID=(PROGRAM=php-fpm:?pool?www)(HOST=e50ddeee3c05)(USER=www-data))))

  VERSION INFORMATION:
	TNS for Linux: Version 12.1.0.2.0 - Production
	TCP/IP NT Protocol Adapter for Linux: Version 12.1.0.2.0 - Production
  Time: 03-MAR-2021 10:43:54
  Tracing not turned on.
  Tns error struct:
    ns main err code: 12541
    
TNS-12541: Message 12541 not found; No message file for product=network, facility=TNS
    ns secondary err code: 12560
    nt main err code: 511
    
TNS-00511: Message 511 not found; No message file for product=network, facility=TNS
    nt secondary err code: 111
    nt OS err code: 0
Wed Mar 03 10:44:10 2021


***********************************************************************

Fatal NI connect error 12541, connecting to:
 (DESCRIPTION=(ADDRESS=(PROTOCOL=TCP)(HOST=10.3.22.55)(PORT=1531))(CONNECT_DATA=(SERVICE_NAME=DEV)(CID=(PROGRAM=php-fpm:?pool?www)(HOST=e50ddeee3c05)(USER=www-data))))

  VERSION INFORMATION:
	TNS for Linux: Version 12.1.0.2.0 - Production
	TCP/IP NT Protocol Adapter for Linux: Version 12.1.0.2.0 - Production
  Time: 03-MAR-2021 10:44:10
  Tracing not turned on.
  Tns error struct:
    ns main err code: 12541
    
TNS-12541: Message 12541 not found; No message file for product=network, facility=TNS
    ns secondary err code: 12560
    nt main err code: 511
    
TNS-00511: Message 511 not found; No message file for product=network, facility=TNS
    nt secondary err code: 111
    nt OS err code: 0
Thu Mar 04 05:11:46 2021


***********************************************************************

Fatal NI connect error 12541, connecting to:
 (DESCRIPTION=(ADDRESS=(PROTOCOL=TCP)(HOST=10.3.22.55)(PORT=1531))(CONNECT_DATA=(SERVICE_NAME=DEV)(CID=(PROGRAM=php-fpm:?pool?www)(HOST=e50ddeee3c05)(USER=www-data))))

  VERSION INFORMATION:
	TNS for Linux: Version 12.1.0.2.0 - Production
	TCP/IP NT Protocol Adapter for Linux: Version 12.1.0.2.0 - Production
  Time: 04-MAR-2021 05:11:46
  Tracing not turned on.
  Tns error struct:
    ns main err code: 12541
    
TNS-12541: Message 12541 not found; No message file for product=network, facility=TNS
    ns secondary err code: 12560
    nt main err code: 511
    
TNS-00511: Message 511 not found; No message file for product=network, facility=TNS
    nt secondary err code: 111
    nt OS err code: 0
Thu Mar 04 05:11:51 2021


***********************************************************************

Fatal NI connect error 12541, connecting to:
 (DESCRIPTION=(ADDRESS=(PROTOCOL=TCP)(HOST=10.3.22.55)(PORT=1531))(CONNECT_DATA=(SERVICE_NAME=DEV)(CID=(PROGRAM=php-fpm:?pool?www)(HOST=e50ddeee3c05)(USER=www-data))))

  VERSION INFORMATION:
	TNS for Linux: Version 12.1.0.2.0 - Production
	TCP/IP NT Protocol Adapter for Linux: Version 12.1.0.2.0 - Production
  Time: 04-MAR-2021 05:11:51
  Tracing not turned on.
  Tns error struct:
    ns main err code: 12541
    
TNS-12541: Message 12541 not found; No message file for product=network, facility=TNS
    ns secondary err code: 12560
    nt main err code: 511
    
TNS-00511: Message 511 not found; No message file for product=network, facility=TNS
    nt secondary err code: 111
    nt OS err code: 0
Thu Mar 04 06:26:50 2021


***********************************************************************

Fatal NI connect error 12541, connecting to:
 (DESCRIPTION=(ADDRESS=(PROTOCOL=TCP)(HOST=10.3.22.55)(PORT=1531))(CONNECT_DATA=(SERVICE_NAME=DEV)(CID=(PROGRAM=php-fpm:?pool?www)(HOST=e50ddeee3c05)(USER=www-data))))

  VERSION INFORMATION:
	TNS for Linux: Version 12.1.0.2.0 - Production
	TCP/IP NT Protocol Adapter for Linux: Version 12.1.0.2.0 - Production
  Time: 04-MAR-2021 06:26:50
  Tracing not turned on.
  Tns error struct:
    ns main err code: 12541
    
TNS-12541: Message 12541 not found; No message file for product=network, facility=TNS
    ns secondary err code: 12560
    nt main err code: 511
    
TNS-00511: Message 511 not found; No message file for product=network, facility=TNS
    nt secondary err code: 111
    nt OS err code: 0
Thu Mar 04 06:26:52 2021


***********************************************************************

Fatal NI connect error 12541, connecting to:
 (DESCRIPTION=(ADDRESS=(PROTOCOL=TCP)(HOST=10.3.22.55)(PORT=1531))(CONNECT_DATA=(SERVICE_NAME=DEV)(CID=(PROGRAM=php-fpm:?pool?www)(HOST=e50ddeee3c05)(USER=www-data))))

  VERSION INFORMATION:
	TNS for Linux: Version 12.1.0.2.0 - Production
	TCP/IP NT Protocol Adapter for Linux: Version 12.1.0.2.0 - Production
  Time: 04-MAR-2021 06:26:52
  Tracing not turned on.
  Tns error struct:
    ns main err code: 12541
    
TNS-12541: Message 12541 not found; No message file for product=network, facility=TNS
    ns secondary err code: 12560
    nt main err code: 511
    
TNS-00511: Message 511 not found; No message file for product=network, facility=TNS
    nt secondary err code: 111
    nt OS err code: 0
Thu Mar 04 06:26:53 2021


***********************************************************************

Fatal NI connect error 12541, connecting to:
 (DESCRIPTION=(ADDRESS=(PROTOCOL=TCP)(HOST=10.3.22.55)(PORT=1531))(CONNECT_DATA=(SERVICE_NAME=DEV)(CID=(PROGRAM=php-fpm:?pool?www)(HOST=e50ddeee3c05)(USER=www-data))))

  VERSION INFORMATION:
	TNS for Linux: Version 12.1.0.2.0 - Production
	TCP/IP NT Protocol Adapter for Linux: Version 12.1.0.2.0 - Production
  Time: 04-MAR-2021 06:26:53
  Tracing not turned on.
  Tns error struct:
    ns main err code: 12541
    
TNS-12541: Message 12541 not found; No message file for product=network, facility=TNS
    ns secondary err code: 12560
    nt main err code: 511
    
TNS-00511: Message 511 not found; No message file for product=network, facility=TNS
    nt secondary err code: 111
    nt OS err code: 0


***********************************************************************

Fatal NI connect error 12541, connecting to:
 (DESCRIPTION=(ADDRESS=(PROTOCOL=TCP)(HOST=10.3.22.55)(PORT=1531))(CONNECT_DATA=(SERVICE_NAME=DEV)(CID=(PROGRAM=php-fpm:?pool?www)(HOST=e50ddeee3c05)(USER=www-data))))

  VERSION INFORMATION:
	TNS for Linux: Version 12.1.0.2.0 - Production
	TCP/IP NT Protocol Adapter for Linux: Version 12.1.0.2.0 - Production
  Time: 04-MAR-2021 06:26:54
  Tracing not turned on.
  Tns error struct:
    ns main err code: 12541
    
TNS-12541: Message 12541 not found; No message file for product=network, facility=TNS
    ns secondary err code: 12560
    nt main err code: 511
    
TNS-00511: Message 511 not found; No message file for product=network, facility=TNS
    nt secondary err code: 111
    nt OS err code: 0
Thu Mar 04 10:30:56 2021


***********************************************************************

Fatal NI connect error 12170.

  VERSION INFORMATION:
	TNS for Linux: Version 12.1.0.2.0 - Production
	TCP/IP NT Protocol Adapter for Linux: Version 12.1.0.2.0 - Production
  Time: 04-MAR-2021 10:30:56
  Tracing not turned on.
  Tns error struct:
    ns main err code: 12535
    
TNS-12535: Message 12535 not found; No message file for product=network, facility=TNS
    ns secondary err code: 12560
    nt main err code: 505
    
TNS-00505: Message 505 not found; No message file for product=network, facility=TNS
    nt secondary err code: 0
    nt OS err code: 0
  Client address: <unknown>
Thu Mar 04 10:37:15 2021


***********************************************************************

Fatal NI connect error 12170.

  VERSION INFORMATION:
	TNS for Linux: Version 12.1.0.2.0 - Production
	TCP/IP NT Protocol Adapter for Linux: Version 12.1.0.2.0 - Production
  Time: 04-MAR-2021 10:37:15
  Tracing not turned on.
  Tns error struct:
    ns main err code: 12535
    
TNS-12535: Message 12535 not found; No message file for product=network, facility=TNS
    ns secondary err code: 12560
    nt main err code: 505
    
TNS-00505: Message 505 not found; No message file for product=network, facility=TNS
    nt secondary err code: 0
    nt OS err code: 0
  Client address: <unknown>
Fri Mar 05 02:21:40 2021


***********************************************************************

Fatal NI connect error 12170.

  VERSION INFORMATION:
	TNS for Linux: Version 12.1.0.2.0 - Production
	TCP/IP NT Protocol Adapter for Linux: Version 12.1.0.2.0 - Production
  Time: 05-MAR-2021 02:21:40
  Tracing not turned on.
  Tns error struct:
    ns main err code: 12535
    
TNS-12535: Message 12535 not found; No message file for product=network, facility=TNS
    ns secondary err code: 12560
    nt main err code: 505
    
TNS-00505: Message 505 not found; No message file for product=network, facility=TNS
    nt secondary err code: 0
    nt OS err code: 0
  Client address: <unknown>
Tue Mar 09 08:39:23 2021


***********************************************************************

Fatal NI connect error 12170.

  VERSION INFORMATION:
	TNS for Linux: Version 12.1.0.2.0 - Production
	TCP/IP NT Protocol Adapter for Linux: Version 12.1.0.2.0 - Production
  Time: 09-MAR-2021 08:39:23
  Tracing not turned on.
  Tns error struct:
    ns main err code: 12535
    
TNS-12535: Message 12535 not found; No message file for product=network, facility=TNS
    ns secondary err code: 12560
    nt main err code: 505
    
TNS-00505: Message 505 not found; No message file for product=network, facility=TNS
    nt secondary err code: 0
    nt OS err code: 0
  Client address: <unknown>
Tue Mar 09 08:43:28 2021


***********************************************************************

Fatal NI connect error 12170.

  VERSION INFORMATION:
	TNS for Linux: Version 12.1.0.2.0 - Production
	TCP/IP NT Protocol Adapter for Linux: Version 12.1.0.2.0 - Production
  Time: 09-MAR-2021 08:43:28
  Tracing not turned on.
  Tns error struct:
    ns main err code: 12535
    
TNS-12535: Message 12535 not found; No message file for product=network, facility=TNS
    ns secondary err code: 12560
    nt main err code: 505
    
TNS-00505: Message 505 not found; No message file for product=network, facility=TNS
    nt secondary err code: 0
    nt OS err code: 0
  Client address: <unknown>
Tue Mar 09 08:44:37 2021


***********************************************************************

Fatal NI connect error 12170.

  VERSION INFORMATION:
	TNS for Linux: Version 12.1.0.2.0 - Production
	TCP/IP NT Protocol Adapter for Linux: Version 12.1.0.2.0 - Production
  Time: 09-MAR-2021 08:44:37
  Tracing not turned on.
  Tns error struct:
    ns main err code: 12535
    
TNS-12535: Message 12535 not found; No message file for product=network, facility=TNS
    ns secondary err code: 12560
    nt main err code: 505
    
TNS-00505: Message 505 not found; No message file for product=network, facility=TNS
    nt secondary err code: 0
    nt OS err code: 0
  Client address: <unknown>


***********************************************************************

Fatal NI connect error 12170.

  VERSION INFORMATION:
	TNS for Linux: Version 12.1.0.2.0 - Production
	TCP/IP NT Protocol Adapter for Linux: Version 12.1.0.2.0 - Production
  Time: 09-MAR-2021 08:47:05
  Tracing not turned on.
  Tns error struct:
    ns main err code: 12535
    
TNS-12535: Message 12535 not found; No message file for product=network, facility=TNS
    ns secondary err code: 12560
    nt main err code: 505
    
TNS-00505: Message 505 not found; No message file for product=network, facility=TNS
    nt secondary err code: 0
    nt OS err code: 0
  Client address: <unknown>


***********************************************************************

Fatal NI connect error 12170.

  VERSION INFORMATION:
	TNS for Linux: Version 12.1.0.2.0 - Production
	TCP/IP NT Protocol Adapter for Linux: Version 12.1.0.2.0 - Production
  Time: 09-MAR-2021 08:48:07
  Tracing not turned on.
  Tns error struct:
    ns main err code: 12535
    
TNS-12535: Message 12535 not found; No message file for product=network, facility=TNS
    ns secondary err code: 12560
    nt main err code: 505
    
TNS-00505: Message 505 not found; No message file for product=network, facility=TNS
    nt secondary err code: 0
    nt OS err code: 0
  Client address: <unknown>


***********************************************************************

Fatal NI connect error 12170.

  VERSION INFORMATION:
	TNS for Linux: Version 12.1.0.2.0 - Production
	TCP/IP NT Protocol Adapter for Linux: Version 12.1.0.2.0 - Production
  Time: 09-MAR-2021 08:51:50
  Tracing not turned on.
  Tns error struct:
    ns main err code: 12535
    
TNS-12535: Message 12535 not found; No message file for product=network, facility=TNS
    ns secondary err code: 12560
    nt main err code: 505
    
TNS-00505: Message 505 not found; No message file for product=network, facility=TNS
    nt secondary err code: 0
    nt OS err code: 0
  Client address: <unknown>


***********************************************************************

Fatal NI connect error 12170.

  VERSION INFORMATION:
	TNS for Linux: Version 12.1.0.2.0 - Production
	TCP/IP NT Protocol Adapter for Linux: Version 12.1.0.2.0 - Production
  Time: 09-MAR-2021 08:51:55
  Tracing not turned on.
  Tns error struct:
    ns main err code: 12535
    
TNS-12535: Message 12535 not found; No message file for product=network, facility=TNS
    ns secondary err code: 12560
    nt main err code: 505
    
TNS-00505: Message 505 not found; No message file for product=network, facility=TNS
    nt secondary err code: 0
    nt OS err code: 0
  Client address: <unknown>
Tue Mar 09 09:40:05 2021


***********************************************************************

Fatal NI connect error 12541, connecting to:
 (DESCRIPTION=(ADDRESS=(PROTOCOL=TCP)(HOST=10.3.22.55)(PORT=1531))(CONNECT_DATA=(SERVICE_NAME=DEV)(CID=(PROGRAM=php-fpm:?pool?www)(HOST=e50ddeee3c05)(USER=www-data))))

  VERSION INFORMATION:
	TNS for Linux: Version 12.1.0.2.0 - Production
	TCP/IP NT Protocol Adapter for Linux: Version 12.1.0.2.0 - Production
  Time: 09-MAR-2021 09:40:05
  Tracing not turned on.
  Tns error struct:
    ns main err code: 12541
    
TNS-12541: Message 12541 not found; No message file for product=network, facility=TNS
    ns secondary err code: 12560
    nt main err code: 511
    
TNS-00511: Message 511 not found; No message file for product=network, facility=TNS
    nt secondary err code: 111
    nt OS err code: 0
Tue Mar 09 09:40:37 2021


***********************************************************************

Fatal NI connect error 12541, connecting to:
 (DESCRIPTION=(ADDRESS=(PROTOCOL=TCP)(HOST=10.3.22.55)(PORT=1531))(CONNECT_DATA=(SERVICE_NAME=DEV)(CID=(PROGRAM=php-fpm:?pool?www)(HOST=e50ddeee3c05)(USER=www-data))))

  VERSION INFORMATION:
	TNS for Linux: Version 12.1.0.2.0 - Production
	TCP/IP NT Protocol Adapter for Linux: Version 12.1.0.2.0 - Production
  Time: 09-MAR-2021 09:40:37
  Tracing not turned on.
  Tns error struct:
    ns main err code: 12541
    
TNS-12541: Message 12541 not found; No message file for product=network, facility=TNS
    ns secondary err code: 12560
    nt main err code: 511
    
TNS-00511: Message 511 not found; No message file for product=network, facility=TNS
    nt secondary err code: 111
    nt OS err code: 0
Tue Mar 09 09:40:42 2021


***********************************************************************

Fatal NI connect error 12541, connecting to:
 (DESCRIPTION=(ADDRESS=(PROTOCOL=TCP)(HOST=10.3.22.55)(PORT=1531))(CONNECT_DATA=(SERVICE_NAME=DEV)(CID=(PROGRAM=php-fpm:?pool?www)(HOST=e50ddeee3c05)(USER=www-data))))

  VERSION INFORMATION:
	TNS for Linux: Version 12.1.0.2.0 - Production
	TCP/IP NT Protocol Adapter for Linux: Version 12.1.0.2.0 - Production
  Time: 09-MAR-2021 09:40:42
  Tracing not turned on.
  Tns error struct:
    ns main err code: 12541
    
TNS-12541: Message 12541 not found; No message file for product=network, facility=TNS
    ns secondary err code: 12560
    nt main err code: 511
    
TNS-00511: Message 511 not found; No message file for product=network, facility=TNS
    nt secondary err code: 111
    nt OS err code: 0


***********************************************************************

Fatal NI connect error 12541, connecting to:
 (DESCRIPTION=(ADDRESS=(PROTOCOL=TCP)(HOST=10.3.22.55)(PORT=1531))(CONNECT_DATA=(SERVICE_NAME=DEV)(CID=(PROGRAM=php-fpm:?pool?www)(HOST=e50ddeee3c05)(USER=www-data))))

  VERSION INFORMATION:
	TNS for Linux: Version 12.1.0.2.0 - Production
	TCP/IP NT Protocol Adapter for Linux: Version 12.1.0.2.0 - Production
  Time: 09-MAR-2021 09:40:53
  Tracing not turned on.
  Tns error struct:
    ns main err code: 12541
    
TNS-12541: Message 12541 not found; No message file for product=network, facility=TNS
    ns secondary err code: 12560
    nt main err code: 511
    
TNS-00511: Message 511 not found; No message file for product=network, facility=TNS
    nt secondary err code: 111
    nt OS err code: 0


***********************************************************************

Fatal NI connect error 12541, connecting to:
 (DESCRIPTION=(ADDRESS=(PROTOCOL=TCP)(HOST=10.3.22.55)(PORT=1531))(CONNECT_DATA=(SERVICE_NAME=DEV)(CID=(PROGRAM=php-fpm:?pool?www)(HOST=e50ddeee3c05)(USER=www-data))))

  VERSION INFORMATION:
	TNS for Linux: Version 12.1.0.2.0 - Production
	TCP/IP NT Protocol Adapter for Linux: Version 12.1.0.2.0 - Production
  Time: 09-MAR-2021 09:41:02
  Tracing not turned on.
  Tns error struct:
    ns main err code: 12541
    
TNS-12541: Message 12541 not found; No message file for product=network, facility=TNS
    ns secondary err code: 12560
    nt main err code: 511
    
TNS-00511: Message 511 not found; No message file for product=network, facility=TNS
    nt secondary err code: 111
    nt OS err code: 0
Tue Mar 09 10:20:49 2021


***********************************************************************

Fatal NI connect error 12170.

  VERSION INFORMATION:
	TNS for Linux: Version 12.1.0.2.0 - Production
	TCP/IP NT Protocol Adapter for Linux: Version 12.1.0.2.0 - Production
  Time: 09-MAR-2021 10:20:49
  Tracing not turned on.
  Tns error struct:
    ns main err code: 12535
    
TNS-12535: Message 12535 not found; No message file for product=network, facility=TNS
    ns secondary err code: 12560
    nt main err code: 505
    
TNS-00505: Message 505 not found; No message file for product=network, facility=TNS
    nt secondary err code: 0
    nt OS err code: 0
  Client address: <unknown>
Tue Mar 09 10:21:25 2021


***********************************************************************

Fatal NI connect error 12170.

  VERSION INFORMATION:
	TNS for Linux: Version 12.1.0.2.0 - Production
	TCP/IP NT Protocol Adapter for Linux: Version 12.1.0.2.0 - Production
  Time: 09-MAR-2021 10:21:25
  Tracing not turned on.
  Tns error struct:
    ns main err code: 12535
    
TNS-12535: Message 12535 not found; No message file for product=network, facility=TNS
    ns secondary err code: 12560
    nt main err code: 505
    
TNS-00505: Message 505 not found; No message file for product=network, facility=TNS
    nt secondary err code: 0
    nt OS err code: 0
  Client address: <unknown>
Tue Mar 09 10:22:56 2021


***********************************************************************

Fatal NI connect error 12170.

  VERSION INFORMATION:
	TNS for Linux: Version 12.1.0.2.0 - Production
	TCP/IP NT Protocol Adapter for Linux: Version 12.1.0.2.0 - Production
  Time: 09-MAR-2021 10:22:56
  Tracing not turned on.
  Tns error struct:
    ns main err code: 12535
    
TNS-12535: Message 12535 not found; No message file for product=network, facility=TNS
    ns secondary err code: 12560
    nt main err code: 505
    
TNS-00505: Message 505 not found; No message file for product=network, facility=TNS
    nt secondary err code: 0
    nt OS err code: 0
  Client address: <unknown>


***********************************************************************

Fatal NI connect error 12170.

  VERSION INFORMATION:
	TNS for Linux: Version 12.1.0.2.0 - Production
	TCP/IP NT Protocol Adapter for Linux: Version 12.1.0.2.0 - Production
  Time: 09-MAR-2021 10:24:13
  Tracing not turned on.
  Tns error struct:
    ns main err code: 12535
    
TNS-12535: Message 12535 not found; No message file for product=network, facility=TNS
    ns secondary err code: 12560
    nt main err code: 505
    
TNS-00505: Message 505 not found; No message file for product=network, facility=TNS
    nt secondary err code: 0
    nt OS err code: 0
  Client address: <unknown>


***********************************************************************

Fatal NI connect error 12170.

  VERSION INFORMATION:
	TNS for Linux: Version 12.1.0.2.0 - Production
	TCP/IP NT Protocol Adapter for Linux: Version 12.1.0.2.0 - Production
  Time: 09-MAR-2021 10:25:42
  Tracing not turned on.
  Tns error struct:
    ns main err code: 12535
    
TNS-12535: Message 12535 not found; No message file for product=network, facility=TNS
    ns secondary err code: 12560
    nt main err code: 505
    
TNS-00505: Message 505 not found; No message file for product=network, facility=TNS
    nt secondary err code: 0
    nt OS err code: 0
  Client address: <unknown>


***********************************************************************

Fatal NI connect error 12170.

  VERSION INFORMATION:
	TNS for Linux: Version 12.1.0.2.0 - Production
	TCP/IP NT Protocol Adapter for Linux: Version 12.1.0.2.0 - Production
  Time: 09-MAR-2021 10:26:55
  Tracing not turned on.
  Tns error struct:
    ns main err code: 12535
    
TNS-12535: Message 12535 not found; No message file for product=network, facility=TNS
    ns secondary err code: 12560
    nt main err code: 505
    
TNS-00505: Message 505 not found; No message file for product=network, facility=TNS
    nt secondary err code: 0
    nt OS err code: 0
  Client address: <unknown>
Tue Mar 09 10:41:56 2021


***********************************************************************

Fatal NI connect error 12170.

  VERSION INFORMATION:
	TNS for Linux: Version 12.1.0.2.0 - Production
	TCP/IP NT Protocol Adapter for Linux: Version 12.1.0.2.0 - Production
  Time: 09-MAR-2021 10:41:56
  Tracing not turned on.
  Tns error struct:
    ns main err code: 12535
    
TNS-12535: Message 12535 not found; No message file for product=network, facility=TNS
    ns secondary err code: 12560
    nt main err code: 505
    
TNS-00505: Message 505 not found; No message file for product=network, facility=TNS
    nt secondary err code: 0
    nt OS err code: 0
  Client address: <unknown>
Tue Mar 09 10:47:38 2021


***********************************************************************

Fatal NI connect error 12170.

  VERSION INFORMATION:
	TNS for Linux: Version 12.1.0.2.0 - Production
	TCP/IP NT Protocol Adapter for Linux: Version 12.1.0.2.0 - Production
  Time: 09-MAR-2021 10:47:38
  Tracing not turned on.
  Tns error struct:
    ns main err code: 12535
    
TNS-12535: Message 12535 not found; No message file for product=network, facility=TNS
    ns secondary err code: 12560
    nt main err code: 505
    
TNS-00505: Message 505 not found; No message file for product=network, facility=TNS
    nt secondary err code: 0
    nt OS err code: 0
  Client address: <unknown>
Tue Mar 09 10:55:42 2021


***********************************************************************

Fatal NI connect error 12170.

  VERSION INFORMATION:
	TNS for Linux: Version 12.1.0.2.0 - Production
	TCP/IP NT Protocol Adapter for Linux: Version 12.1.0.2.0 - Production
  Time: 09-MAR-2021 10:55:42
  Tracing not turned on.
  Tns error struct:
    ns main err code: 12535
    
TNS-12535: Message 12535 not found; No message file for product=network, facility=TNS
    ns secondary err code: 12560
    nt main err code: 505
    
TNS-00505: Message 505 not found; No message file for product=network, facility=TNS
    nt secondary err code: 0
    nt OS err code: 0
  Client address: <unknown>
Tue Mar 09 11:00:38 2021


***********************************************************************

Fatal NI connect error 12170.

  VERSION INFORMATION:
	TNS for Linux: Version 12.1.0.2.0 - Production
	TCP/IP NT Protocol Adapter for Linux: Version 12.1.0.2.0 - Production
  Time: 09-MAR-2021 11:00:38
  Tracing not turned on.
  Tns error struct:
    ns main err code: 12535
    
TNS-12535: Message 12535 not found; No message file for product=network, facility=TNS
    ns secondary err code: 12560
    nt main err code: 505
    
TNS-00505: Message 505 not found; No message file for product=network, facility=TNS
    nt secondary err code: 0
    nt OS err code: 0
  Client address: <unknown>
Tue Mar 09 11:12:29 2021


***********************************************************************

Fatal NI connect error 12170.

  VERSION INFORMATION:
	TNS for Linux: Version 12.1.0.2.0 - Production
	TCP/IP NT Protocol Adapter for Linux: Version 12.1.0.2.0 - Production
  Time: 09-MAR-2021 11:12:30
  Tracing not turned on.
  Tns error struct:
    ns main err code: 12535
    
TNS-12535: Message 12535 not found; No message file for product=network, facility=TNS
    ns secondary err code: 12560
    nt main err code: 505
    
TNS-00505: Message 505 not found; No message file for product=network, facility=TNS
    nt secondary err code: 0
    nt OS err code: 0
  Client address: <unknown>
Tue Mar 09 11:24:33 2021


***********************************************************************

Fatal NI connect error 12170.

  VERSION INFORMATION:
	TNS for Linux: Version 12.1.0.2.0 - Production
	TCP/IP NT Protocol Adapter for Linux: Version 12.1.0.2.0 - Production
  Time: 09-MAR-2021 11:24:33
  Tracing not turned on.
  Tns error struct:
    ns main err code: 12535
    
TNS-12535: Message 12535 not found; No message file for product=network, facility=TNS
    ns secondary err code: 12560
    nt main err code: 505
    
TNS-00505: Message 505 not found; No message file for product=network, facility=TNS
    nt secondary err code: 0
    nt OS err code: 0
  Client address: <unknown>
Wed Mar 10 10:01:29 2021


***********************************************************************

Fatal NI connect error 12170.

  VERSION INFORMATION:
	TNS for Linux: Version 12.1.0.2.0 - Production
	TCP/IP NT Protocol Adapter for Linux: Version 12.1.0.2.0 - Production
  Time: 10-MAR-2021 10:01:29
  Tracing not turned on.
  Tns error struct:
    ns main err code: 12535
    
TNS-12535: Message 12535 not found; No message file for product=network, facility=TNS
    ns secondary err code: 12560
    nt main err code: 505
    
TNS-00505: Message 505 not found; No message file for product=network, facility=TNS
    nt secondary err code: 0
    nt OS err code: 0
  Client address: <unknown>
Wed Mar 10 10:02:42 2021


***********************************************************************

Fatal NI connect error 12170.

  VERSION INFORMATION:
	TNS for Linux: Version 12.1.0.2.0 - Production
	TCP/IP NT Protocol Adapter for Linux: Version 12.1.0.2.0 - Production
  Time: 10-MAR-2021 10:02:42
  Tracing not turned on.
  Tns error struct:
    ns main err code: 12535
    
TNS-12535: Message 12535 not found; No message file for product=network, facility=TNS
    ns secondary err code: 12560
    nt main err code: 505
    
TNS-00505: Message 505 not found; No message file for product=network, facility=TNS
    nt secondary err code: 0
    nt OS err code: 0
  Client address: <unknown>
Wed Mar 10 10:46:35 2021


***********************************************************************

Fatal NI connect error 12170.

  VERSION INFORMATION:
	TNS for Linux: Version 12.1.0.2.0 - Production
	TCP/IP NT Protocol Adapter for Linux: Version 12.1.0.2.0 - Production
  Time: 10-MAR-2021 10:46:35
  Tracing not turned on.
  Tns error struct:
    ns main err code: 12535
    
TNS-12535: Message 12535 not found; No message file for product=network, facility=TNS
    ns secondary err code: 12560
    nt main err code: 505
    
TNS-00505: Message 505 not found; No message file for product=network, facility=TNS
    nt secondary err code: 0
    nt OS err code: 0
  Client address: <unknown>
Thu Mar 11 02:19:13 2021


***********************************************************************

Fatal NI connect error 12541, connecting to:
 (DESCRIPTION=(ADDRESS=(PROTOCOL=TCP)(HOST=10.3.22.55)(PORT=1531))(CONNECT_DATA=(SERVICE_NAME=DEV)(CID=(PROGRAM=php-fpm:?pool?www)(HOST=e50ddeee3c05)(USER=www-data))))

  VERSION INFORMATION:
	TNS for Linux: Version 12.1.0.2.0 - Production
	TCP/IP NT Protocol Adapter for Linux: Version 12.1.0.2.0 - Production
  Time: 11-MAR-2021 02:19:13
  Tracing not turned on.
  Tns error struct:
    ns main err code: 12541
    
TNS-12541: Message 12541 not found; No message file for product=network, facility=TNS
    ns secondary err code: 12560
    nt main err code: 511
    
TNS-00511: Message 511 not found; No message file for product=network, facility=TNS
    nt secondary err code: 111
    nt OS err code: 0
Thu Mar 11 10:45:26 2021


***********************************************************************

Fatal NI connect error 12541, connecting to:
 (DESCRIPTION=(ADDRESS=(PROTOCOL=TCP)(HOST=10.3.22.55)(PORT=1531))(CONNECT_DATA=(SERVICE_NAME=DEV)(CID=(PROGRAM=php-fpm:?pool?www)(HOST=e50ddeee3c05)(USER=www-data))))

  VERSION INFORMATION:
	TNS for Linux: Version 12.1.0.2.0 - Production
	TCP/IP NT Protocol Adapter for Linux: Version 12.1.0.2.0 - Production
  Time: 11-MAR-2021 10:45:26
  Tracing not turned on.
  Tns error struct:
    ns main err code: 12541
    
TNS-12541: Message 12541 not found; No message file for product=network, facility=TNS
    ns secondary err code: 12560
    nt main err code: 511
    
TNS-00511: Message 511 not found; No message file for product=network, facility=TNS
    nt secondary err code: 111
    nt OS err code: 0
Thu Mar 11 10:45:38 2021


***********************************************************************

Fatal NI connect error 12541, connecting to:
 (DESCRIPTION=(ADDRESS=(PROTOCOL=TCP)(HOST=10.3.22.55)(PORT=1531))(CONNECT_DATA=(SERVICE_NAME=DEV)(CID=(PROGRAM=php-fpm:?pool?www)(HOST=e50ddeee3c05)(USER=www-data))))

  VERSION INFORMATION:
	TNS for Linux: Version 12.1.0.2.0 - Production
	TCP/IP NT Protocol Adapter for Linux: Version 12.1.0.2.0 - Production
  Time: 11-MAR-2021 10:45:38
  Tracing not turned on.
  Tns error struct:
    ns main err code: 12541
    
TNS-12541: Message 12541 not found; No message file for product=network, facility=TNS
    ns secondary err code: 12560
    nt main err code: 511
    
TNS-00511: Message 511 not found; No message file for product=network, facility=TNS
    nt secondary err code: 111
    nt OS err code: 0
Fri Mar 12 02:32:32 2021


***********************************************************************

Fatal NI connect error 12170.

  VERSION INFORMATION:
	TNS for Linux: Version 12.1.0.2.0 - Production
	TCP/IP NT Protocol Adapter for Linux: Version 12.1.0.2.0 - Production
  Time: 12-MAR-2021 02:32:32
  Tracing not turned on.
  Tns error struct:
    ns main err code: 12535
    
TNS-12535: Message 12535 not found; No message file for product=network, facility=TNS
    ns secondary err code: 12560
    nt main err code: 505
    
TNS-00505: Message 505 not found; No message file for product=network, facility=TNS
    nt secondary err code: 0
    nt OS err code: 0
  Client address: <unknown>
Fri Mar 12 02:33:40 2021


***********************************************************************

Fatal NI connect error 12170.

  VERSION INFORMATION:
	TNS for Linux: Version 12.1.0.2.0 - Production
	TCP/IP NT Protocol Adapter for Linux: Version 12.1.0.2.0 - Production
  Time: 12-MAR-2021 02:33:40
  Tracing not turned on.
  Tns error struct:
    ns main err code: 12535
    
TNS-12535: Message 12535 not found; No message file for product=network, facility=TNS
    ns secondary err code: 12560
    nt main err code: 505
    
TNS-00505: Message 505 not found; No message file for product=network, facility=TNS
    nt secondary err code: 0
    nt OS err code: 0
  Client address: <unknown>
Fri Mar 12 02:37:14 2021


***********************************************************************

Fatal NI connect error 12170.

  VERSION INFORMATION:
	TNS for Linux: Version 12.1.0.2.0 - Production
	TCP/IP NT Protocol Adapter for Linux: Version 12.1.0.2.0 - Production
  Time: 12-MAR-2021 02:37:14
  Tracing not turned on.
  Tns error struct:
    ns main err code: 12535
    
TNS-12535: Message 12535 not found; No message file for product=network, facility=TNS
    ns secondary err code: 12560
    nt main err code: 505
    
TNS-00505: Message 505 not found; No message file for product=network, facility=TNS
    nt secondary err code: 0
    nt OS err code: 0
  Client address: <unknown>


***********************************************************************

Fatal NI connect error 12170.

  VERSION INFORMATION:
	TNS for Linux: Version 12.1.0.2.0 - Production
	TCP/IP NT Protocol Adapter for Linux: Version 12.1.0.2.0 - Production
  Time: 12-MAR-2021 02:38:29
  Tracing not turned on.
  Tns error struct:
    ns main err code: 12535
    
TNS-12535: Message 12535 not found; No message file for product=network, facility=TNS
    ns secondary err code: 12560
    nt main err code: 505
    
TNS-00505: Message 505 not found; No message file for product=network, facility=TNS
    nt secondary err code: 0
    nt OS err code: 0
  Client address: <unknown>


***********************************************************************

Fatal NI connect error 12170.

  VERSION INFORMATION:
	TNS for Linux: Version 12.1.0.2.0 - Production
	TCP/IP NT Protocol Adapter for Linux: Version 12.1.0.2.0 - Production
  Time: 12-MAR-2021 02:46:02
  Tracing not turned on.
  Tns error struct:
    ns main err code: 12535
    
TNS-12535: Message 12535 not found; No message file for product=network, facility=TNS
    ns secondary err code: 12560
    nt main err code: 505
    
TNS-00505: Message 505 not found; No message file for product=network, facility=TNS
    nt secondary err code: 0
    nt OS err code: 0
  Client address: <unknown>


***********************************************************************

Fatal NI connect error 12170.

  VERSION INFORMATION:
	TNS for Linux: Version 12.1.0.2.0 - Production
	TCP/IP NT Protocol Adapter for Linux: Version 12.1.0.2.0 - Production
  Time: 12-MAR-2021 02:46:05
  Tracing not turned on.
  Tns error struct:
    ns main err code: 12535
    
TNS-12535: Message 12535 not found; No message file for product=network, facility=TNS
    ns secondary err code: 12560
    nt main err code: 505
    
TNS-00505: Message 505 not found; No message file for product=network, facility=TNS
    nt secondary err code: 0
    nt OS err code: 0
  Client address: <unknown>
Fri Mar 12 02:50:34 2021


***********************************************************************

Fatal NI connect error 12170.

  VERSION INFORMATION:
	TNS for Linux: Version 12.1.0.2.0 - Production
	TCP/IP NT Protocol Adapter for Linux: Version 12.1.0.2.0 - Production
  Time: 12-MAR-2021 02:50:34
  Tracing not turned on.
  Tns error struct:
    ns main err code: 12535
    
TNS-12535: Message 12535 not found; No message file for product=network, facility=TNS
    ns secondary err code: 12560
    nt main err code: 505
    
TNS-00505: Message 505 not found; No message file for product=network, facility=TNS
    nt secondary err code: 0
    nt OS err code: 0
  Client address: <unknown>
Fri Mar 12 02:53:32 2021


***********************************************************************

Fatal NI connect error 12170.

  VERSION INFORMATION:
	TNS for Linux: Version 12.1.0.2.0 - Production
	TCP/IP NT Protocol Adapter for Linux: Version 12.1.0.2.0 - Production
  Time: 12-MAR-2021 02:53:32
  Tracing not turned on.
  Tns error struct:
    ns main err code: 12535
    
TNS-12535: Message 12535 not found; No message file for product=network, facility=TNS
    ns secondary err code: 12560
    nt main err code: 505
    
TNS-00505: Message 505 not found; No message file for product=network, facility=TNS
    nt secondary err code: 0
    nt OS err code: 0
  Client address: <unknown>
Fri Mar 12 02:54:50 2021


***********************************************************************

Fatal NI connect error 12170.

  VERSION INFORMATION:
	TNS for Linux: Version 12.1.0.2.0 - Production
	TCP/IP NT Protocol Adapter for Linux: Version 12.1.0.2.0 - Production
  Time: 12-MAR-2021 02:54:50
  Tracing not turned on.
  Tns error struct:
    ns main err code: 12535
    
TNS-12535: Message 12535 not found; No message file for product=network, facility=TNS
    ns secondary err code: 12560
    nt main err code: 505
    
TNS-00505: Message 505 not found; No message file for product=network, facility=TNS
    nt secondary err code: 0
    nt OS err code: 0
  Client address: <unknown>


***********************************************************************

Fatal NI connect error 12170.

  VERSION INFORMATION:
	TNS for Linux: Version 12.1.0.2.0 - Production
	TCP/IP NT Protocol Adapter for Linux: Version 12.1.0.2.0 - Production
  Time: 12-MAR-2021 02:58:14
  Tracing not turned on.
  Tns error struct:
    ns main err code: 12535
    
TNS-12535: Message 12535 not found; No message file for product=network, facility=TNS
    ns secondary err code: 12560
    nt main err code: 505
    
TNS-00505: Message 505 not found; No message file for product=network, facility=TNS
    nt secondary err code: 0
    nt OS err code: 0
  Client address: <unknown>


***********************************************************************

Fatal NI connect error 12170.

  VERSION INFORMATION:
	TNS for Linux: Version 12.1.0.2.0 - Production
	TCP/IP NT Protocol Adapter for Linux: Version 12.1.0.2.0 - Production
  Time: 12-MAR-2021 02:59:32
  Tracing not turned on.
  Tns error struct:
    ns main err code: 12535
    
TNS-12535: Message 12535 not found; No message file for product=network, facility=TNS
    ns secondary err code: 12560
    nt main err code: 505
    
TNS-00505: Message 505 not found; No message file for product=network, facility=TNS
    nt secondary err code: 0
    nt OS err code: 0
  Client address: <unknown>


***********************************************************************

Fatal NI connect error 12170.

  VERSION INFORMATION:
	TNS for Linux: Version 12.1.0.2.0 - Production
	TCP/IP NT Protocol Adapter for Linux: Version 12.1.0.2.0 - Production
  Time: 12-MAR-2021 03:01:29
  Tracing not turned on.
  Tns error struct:
    ns main err code: 12535
    
TNS-12535: Message 12535 not found; No message file for product=network, facility=TNS
    ns secondary err code: 12560
    nt main err code: 505
    
TNS-00505: Message 505 not found; No message file for product=network, facility=TNS
    nt secondary err code: 0
    nt OS err code: 0
  Client address: <unknown>


***********************************************************************

Fatal NI connect error 12170.

  VERSION INFORMATION:
	TNS for Linux: Version 12.1.0.2.0 - Production
	TCP/IP NT Protocol Adapter for Linux: Version 12.1.0.2.0 - Production
  Time: 12-MAR-2021 03:03:16
  Tracing not turned on.
  Tns error struct:
    ns main err code: 12535
    
TNS-12535: Message 12535 not found; No message file for product=network, facility=TNS
    ns secondary err code: 12560
    nt main err code: 505
    
TNS-00505: Message 505 not found; No message file for product=network, facility=TNS
    nt secondary err code: 0
    nt OS err code: 0
  Client address: <unknown>


***********************************************************************

Fatal NI connect error 12170.

  VERSION INFORMATION:
	TNS for Linux: Version 12.1.0.2.0 - Production
	TCP/IP NT Protocol Adapter for Linux: Version 12.1.0.2.0 - Production
  Time: 12-MAR-2021 03:09:07
  Tracing not turned on.
  Tns error struct:
    ns main err code: 12535
    
TNS-12535: Message 12535 not found; No message file for product=network, facility=TNS
    ns secondary err code: 12560
    nt main err code: 505
    
TNS-00505: Message 505 not found; No message file for product=network, facility=TNS
    nt secondary err code: 0
    nt OS err code: 0
  Client address: <unknown>
Fri Mar 12 03:12:35 2021


***********************************************************************

Fatal NI connect error 12170.

  VERSION INFORMATION:
	TNS for Linux: Version 12.1.0.2.0 - Production
	TCP/IP NT Protocol Adapter for Linux: Version 12.1.0.2.0 - Production
  Time: 12-MAR-2021 03:12:35
  Tracing not turned on.
  Tns error struct:
    ns main err code: 12535
    
TNS-12535: Message 12535 not found; No message file for product=network, facility=TNS
    ns secondary err code: 12560
    nt main err code: 505
    
TNS-00505: Message 505 not found; No message file for product=network, facility=TNS
    nt secondary err code: 0
    nt OS err code: 0
  Client address: <unknown>
Fri Mar 12 03:14:18 2021


***********************************************************************

Fatal NI connect error 12170.

  VERSION INFORMATION:
	TNS for Linux: Version 12.1.0.2.0 - Production
	TCP/IP NT Protocol Adapter for Linux: Version 12.1.0.2.0 - Production
  Time: 12-MAR-2021 03:14:18
  Tracing not turned on.
  Tns error struct:
    ns main err code: 12535
    
TNS-12535: Message 12535 not found; No message file for product=network, facility=TNS
    ns secondary err code: 12560
    nt main err code: 505
    
TNS-00505: Message 505 not found; No message file for product=network, facility=TNS
    nt secondary err code: 0
    nt OS err code: 0
  Client address: <unknown>
Fri Mar 12 03:21:36 2021


***********************************************************************

Fatal NI connect error 12170.

  VERSION INFORMATION:
	TNS for Linux: Version 12.1.0.2.0 - Production
	TCP/IP NT Protocol Adapter for Linux: Version 12.1.0.2.0 - Production
  Time: 12-MAR-2021 03:21:36
  Tracing not turned on.
  Tns error struct:
    ns main err code: 12535
    
TNS-12535: Message 12535 not found; No message file for product=network, facility=TNS
    ns secondary err code: 12560
    nt main err code: 505
    
TNS-00505: Message 505 not found; No message file for product=network, facility=TNS
    nt secondary err code: 0
    nt OS err code: 0
  Client address: <unknown>
Mon Mar 15 02:25:01 2021


***********************************************************************

Fatal NI connect error 12170.

  VERSION INFORMATION:
	TNS for Linux: Version 12.1.0.2.0 - Production
	TCP/IP NT Protocol Adapter for Linux: Version 12.1.0.2.0 - Production
  Time: 15-MAR-2021 02:25:01
  Tracing not turned on.
  Tns error struct:
    ns main err code: 12535
    
TNS-12535: Message 12535 not found; No message file for product=network, facility=TNS
    ns secondary err code: 12560
    nt main err code: 505
    
TNS-00505: Message 505 not found; No message file for product=network, facility=TNS
    nt secondary err code: 0
    nt OS err code: 0
  Client address: <unknown>
Tue Mar 16 03:15:57 2021


***********************************************************************

Fatal NI connect error 12541, connecting to:
 (DESCRIPTION=(ADDRESS=(PROTOCOL=TCP)(HOST=10.3.22.55)(PORT=1531))(CONNECT_DATA=(SERVICE_NAME=DEV)(CID=(PROGRAM=php-fpm:?pool?www)(HOST=e50ddeee3c05)(USER=www-data))))

  VERSION INFORMATION:
	TNS for Linux: Version 12.1.0.2.0 - Production
	TCP/IP NT Protocol Adapter for Linux: Version 12.1.0.2.0 - Production
  Time: 16-MAR-2021 03:15:57
  Tracing not turned on.
  Tns error struct:
    ns main err code: 12541
    
TNS-12541: Message 12541 not found; No message file for product=network, facility=TNS
    ns secondary err code: 12560
    nt main err code: 511
    
TNS-00511: Message 511 not found; No message file for product=network, facility=TNS
    nt secondary err code: 111
    nt OS err code: 0
Tue Mar 16 10:23:26 2021


***********************************************************************

Fatal NI connect error 12170.

  VERSION INFORMATION:
	TNS for Linux: Version 12.1.0.2.0 - Production
	TCP/IP NT Protocol Adapter for Linux: Version 12.1.0.2.0 - Production
  Time: 16-MAR-2021 10:23:26
  Tracing not turned on.
  Tns error struct:
    ns main err code: 12535
    
TNS-12535: Message 12535 not found; No message file for product=network, facility=TNS
    ns secondary err code: 12560
    nt main err code: 505
    
TNS-00505: Message 505 not found; No message file for product=network, facility=TNS
    nt secondary err code: 0
    nt OS err code: 0
  Client address: <unknown>
Thu Mar 18 02:17:24 2021


***********************************************************************

Fatal NI connect error 12170.

  VERSION INFORMATION:
	TNS for Linux: Version 12.1.0.2.0 - Production
	TCP/IP NT Protocol Adapter for Linux: Version 12.1.0.2.0 - Production
  Time: 18-MAR-2021 02:17:24
  Tracing not turned on.
  Tns error struct:
    ns main err code: 12535
    
TNS-12535: Message 12535 not found; No message file for product=network, facility=TNS
    ns secondary err code: 12560
    nt main err code: 505
    
TNS-00505: Message 505 not found; No message file for product=network, facility=TNS
    nt secondary err code: 0
    nt OS err code: 0
  Client address: <unknown>
Thu Mar 18 10:17:50 2021


***********************************************************************

Fatal NI connect error 12170.

  VERSION INFORMATION:
	TNS for Linux: Version 12.1.0.2.0 - Production
	TCP/IP NT Protocol Adapter for Linux: Version 12.1.0.2.0 - Production
  Time: 18-MAR-2021 10:17:50
  Tracing not turned on.
  Tns error struct:
    ns main err code: 12535
    
TNS-12535: Message 12535 not found; No message file for product=network, facility=TNS
    ns secondary err code: 12560
    nt main err code: 505
    
TNS-00505: Message 505 not found; No message file for product=network, facility=TNS
    nt secondary err code: 0
    nt OS err code: 0
  Client address: <unknown>
Fri Mar 19 02:41:46 2021


***********************************************************************

Fatal NI connect error 12170.

  VERSION INFORMATION:
	TNS for Linux: Version 12.1.0.2.0 - Production
	TCP/IP NT Protocol Adapter for Linux: Version 12.1.0.2.0 - Production
  Time: 19-MAR-2021 02:41:46
  Tracing not turned on.
  Tns error struct:
    ns main err code: 12535
    
TNS-12535: Message 12535 not found; No message file for product=network, facility=TNS
    ns secondary err code: 12560
    nt main err code: 505
    
TNS-00505: Message 505 not found; No message file for product=network, facility=TNS
    nt secondary err code: 0
    nt OS err code: 0
  Client address: <unknown>
Sat Mar 20 11:11:19 2021


***********************************************************************

Fatal NI connect error 12170.

  VERSION INFORMATION:
	TNS for Linux: Version 12.1.0.2.0 - Production
	TCP/IP NT Protocol Adapter for Linux: Version 12.1.0.2.0 - Production
  Time: 20-MAR-2021 11:11:19
  Tracing not turned on.
  Tns error struct:
    ns main err code: 12535
    
TNS-12535: Message 12535 not found; No message file for product=network, facility=TNS
    ns secondary err code: 12560
    nt main err code: 505
    
TNS-00505: Message 505 not found; No message file for product=network, facility=TNS
    nt secondary err code: 0
    nt OS err code: 0
  Client address: <unknown>
Sat Mar 20 16:21:22 2021


***********************************************************************
Sat Mar 20 16:21:22 2021


***********************************************************************
Sat Mar 20 16:21:22 2021


***********************************************************************
Sat Mar 20 16:21:22 2021


***********************************************************************

Fatal NI connect error 12541, connecting to:
 (DESCRIPTION=(ADDRESS=(PROTOCOL=TCP)(HOST=10.3.22.55)(PORT=1531))(CONNECT_DATA=(SERVICE_NAME=DEV)(CID=(PROGRAM=php-fpm:?pool?www)(HOST=e50ddeee3c05)(USER=www-data))))

Fatal NI connect error 12541, connecting to:
 (DESCRIPTION=(ADDRESS=(PROTOCOL=TCP)(HOST=10.3.22.55)(PORT=1531))(CONNECT_DATA=(SERVICE_NAME=DEV)(CID=(PROGRAM=php-fpm:?pool?www)(HOST=e50ddeee3c05)(USER=www-data))))

Fatal NI connect error 12541, connecting to:
 (DESCRIPTION=(ADDRESS=(PROTOCOL=TCP)(HOST=10.3.22.55)(PORT=1531))(CONNECT_DATA=(SERVICE_NAME=DEV)(CID=(PROGRAM=php-fpm:?pool?www)(HOST=e50ddeee3c05)(USER=www-data))))

Fatal NI connect error 12541, connecting to:
 (DESCRIPTION=(ADDRESS=(PROTOCOL=TCP)(HOST=10.3.22.55)(PORT=1531))(CONNECT_DATA=(SERVICE_NAME=DEV)(CID=(PROGRAM=php-fpm:?pool?www)(HOST=e50ddeee3c05)(USER=www-data))))

  VERSION INFORMATION:
	TNS for Linux: Version 12.1.0.2.0 - Production
	TCP/IP NT Protocol Adapter for Linux: Version 12.1.0.2.0 - Production

  VERSION INFORMATION:
	TNS for Linux: Version 12.1.0.2.0 - Production
	TCP/IP NT Protocol Adapter for Linux: Version 12.1.0.2.0 - Production

  VERSION INFORMATION:
	TNS for Linux: Version 12.1.0.2.0 - Production
	TCP/IP NT Protocol Adapter for Linux: Version 12.1.0.2.0 - Production

  VERSION INFORMATION:
	TNS for Linux: Version 12.1.0.2.0 - Production
	TCP/IP NT Protocol Adapter for Linux: Version 12.1.0.2.0 - Production
  Time: 20-MAR-2021 16:21:22
  Time: 20-MAR-2021 16:21:22
  Time: 20-MAR-2021 16:21:22
  Time: 20-MAR-2021 16:21:22
  Tracing not turned on.
  Tracing not turned on.
  Tracing not turned on.
  Tns error struct:
  Tracing not turned on.
  Tns error struct:
  Tns error struct:
    ns main err code: 12541
  Tns error struct:
    ns main err code: 12541
    ns main err code: 12541
    
    ns main err code: 12541
    
    
TNS-12541: Message 12541 not found; No message file for product=network, facility=TNS
    
TNS-12541: Message 12541 not found; No message file for product=network, facility=TNS
TNS-12541: Message 12541 not found; No message file for product=network, facility=TNS
    ns secondary err code: 12560
TNS-12541: Message 12541 not found; No message file for product=network, facility=TNS
    ns secondary err code: 12560
    ns secondary err code: 12560
    nt main err code: 511
    ns secondary err code: 12560
    nt main err code: 511
    nt main err code: 511
    
    nt main err code: 511
    
    
    
TNS-00511: Message 511 not found; No message file for product=network, facility=TNS
TNS-00511: Message 511 not found; No message file for product=network, facility=TNS
TNS-00511: Message 511 not found; No message file for product=network, facility=TNS
TNS-00511: Message 511 not found; No message file for product=network, facility=TNS
    nt secondary err code: 111
    nt secondary err code: 111
    nt secondary err code: 111
    nt secondary err code: 111
    nt OS err code: 0
    nt OS err code: 0
    nt OS err code: 0
    nt OS err code: 0
Sat Mar 20 16:21:23 2021


***********************************************************************

Fatal NI connect error 12541, connecting to:
 (DESCRIPTION=(ADDRESS=(PROTOCOL=TCP)(HOST=10.3.22.55)(PORT=1531))(CONNECT_DATA=(SERVICE_NAME=DEV)(CID=(PROGRAM=php-fpm:?pool?www)(HOST=e50ddeee3c05)(USER=www-data))))

  VERSION INFORMATION:
	TNS for Linux: Version 12.1.0.2.0 - Production
	TCP/IP NT Protocol Adapter for Linux: Version 12.1.0.2.0 - Production
  Time: 20-MAR-2021 16:21:23
  Tracing not turned on.
  Tns error struct:
    ns main err code: 12541
    
TNS-12541: Message 12541 not found; No message file for product=network, facility=TNS
    ns secondary err code: 12560
    nt main err code: 511
    
TNS-00511: Message 511 not found; No message file for product=network, facility=TNS
    nt secondary err code: 111
    nt OS err code: 0
Sat Mar 20 16:21:23 2021


***********************************************************************

Fatal NI connect error 12541, connecting to:
 (DESCRIPTION=(ADDRESS=(PROTOCOL=TCP)(HOST=10.3.22.55)(PORT=1531))(CONNECT_DATA=(SERVICE_NAME=DEV)(CID=(PROGRAM=php-fpm:?pool?www)(HOST=e50ddeee3c05)(USER=www-data))))

  VERSION INFORMATION:
	TNS for Linux: Version 12.1.0.2.0 - Production
	TCP/IP NT Protocol Adapter for Linux: Version 12.1.0.2.0 - Production
  Time: 20-MAR-2021 16:21:23
  Tracing not turned on.
  Tns error struct:
    ns main err code: 12541
    
TNS-12541: Message 12541 not found; No message file for product=network, facility=TNS
    ns secondary err code: 12560
    nt main err code: 511
    
TNS-00511: Message 511 not found; No message file for product=network, facility=TNS
    nt secondary err code: 111
    nt OS err code: 0
Tue Mar 23 10:48:35 2021


***********************************************************************

Fatal NI connect error 12170.

  VERSION INFORMATION:
	TNS for Linux: Version 12.1.0.2.0 - Production
	TCP/IP NT Protocol Adapter for Linux: Version 12.1.0.2.0 - Production
  Time: 23-MAR-2021 10:48:35
  Tracing not turned on.
  Tns error struct:
    ns main err code: 12535
    
TNS-12535: Message 12535 not found; No message file for product=network, facility=TNS
    ns secondary err code: 12560
    nt main err code: 505
    
TNS-00505: Message 505 not found; No message file for product=network, facility=TNS
    nt secondary err code: 0
    nt OS err code: 0
  Client address: <unknown>
Fri Mar 26 09:16:37 2021


***********************************************************************

Fatal NI connect error 12170.

  VERSION INFORMATION:
	TNS for Linux: Version 12.1.0.2.0 - Production
	TCP/IP NT Protocol Adapter for Linux: Version 12.1.0.2.0 - Production
  Time: 26-MAR-2021 09:16:37
  Tracing not turned on.
  Tns error struct:
    ns main err code: 12535
    
TNS-12535: Message 12535 not found; No message file for product=network, facility=TNS
    ns secondary err code: 12560
    nt main err code: 505
    
TNS-00505: Message 505 not found; No message file for product=network, facility=TNS
    nt secondary err code: 0
    nt OS err code: 0
  Client address: <unknown>
Wed Mar 31 02:38:09 2021


***********************************************************************

Fatal NI connect error 12541, connecting to:
 (DESCRIPTION=(ADDRESS=(PROTOCOL=TCP)(HOST=10.3.22.55)(PORT=1531))(CONNECT_DATA=(SERVICE_NAME=DEV)(CID=(PROGRAM=php-fpm:?pool?www)(HOST=e50ddeee3c05)(USER=www-data))))

  VERSION INFORMATION:
	TNS for Linux: Version 12.1.0.2.0 - Production
	TCP/IP NT Protocol Adapter for Linux: Version 12.1.0.2.0 - Production
  Time: 31-MAR-2021 02:38:09
  Tracing not turned on.
  Tns error struct:
    ns main err code: 12541
    
TNS-12541: Message 12541 not found; No message file for product=network, facility=TNS
    ns secondary err code: 12560
    nt main err code: 511
    
TNS-00511: Message 511 not found; No message file for product=network, facility=TNS
    nt secondary err code: 111
    nt OS err code: 0
Wed Mar 31 02:47:19 2021


***********************************************************************

Fatal NI connect error 12541, connecting to:
 (DESCRIPTION=(ADDRESS=(PROTOCOL=TCP)(HOST=10.3.22.55)(PORT=1531))(CONNECT_DATA=(SERVICE_NAME=DEV)(CID=(PROGRAM=php-fpm:?pool?www)(HOST=e50ddeee3c05)(USER=www-data))))

  VERSION INFORMATION:
	TNS for Linux: Version 12.1.0.2.0 - Production
	TCP/IP NT Protocol Adapter for Linux: Version 12.1.0.2.0 - Production
  Time: 31-MAR-2021 02:47:19
  Tracing not turned on.
  Tns error struct:
    ns main err code: 12541
    
TNS-12541: Message 12541 not found; No message file for product=network, facility=TNS
    ns secondary err code: 12560
    nt main err code: 511
    
TNS-00511: Message 511 not found; No message file for product=network, facility=TNS
    nt secondary err code: 111
    nt OS err code: 0
Wed Mar 31 02:47:20 2021


***********************************************************************

Fatal NI connect error 12541, connecting to:
 (DESCRIPTION=(ADDRESS=(PROTOCOL=TCP)(HOST=10.3.22.55)(PORT=1531))(CONNECT_DATA=(SERVICE_NAME=DEV)(CID=(PROGRAM=php-fpm:?pool?www)(HOST=e50ddeee3c05)(USER=www-data))))

  VERSION INFORMATION:
	TNS for Linux: Version 12.1.0.2.0 - Production
	TCP/IP NT Protocol Adapter for Linux: Version 12.1.0.2.0 - Production
  Time: 31-MAR-2021 02:47:20
  Tracing not turned on.
  Tns error struct:
    ns main err code: 12541
    
TNS-12541: Message 12541 not found; No message file for product=network, facility=TNS
    ns secondary err code: 12560
    nt main err code: 511
    
TNS-00511: Message 511 not found; No message file for product=network, facility=TNS
    nt secondary err code: 111
    nt OS err code: 0


***********************************************************************

Fatal NI connect error 12541, connecting to:
 (DESCRIPTION=(ADDRESS=(PROTOCOL=TCP)(HOST=10.3.22.55)(PORT=1531))(CONNECT_DATA=(SERVICE_NAME=DEV)(CID=(PROGRAM=php-fpm:?pool?www)(HOST=e50ddeee3c05)(USER=www-data))))

  VERSION INFORMATION:
	TNS for Linux: Version 12.1.0.2.0 - Production
	TCP/IP NT Protocol Adapter for Linux: Version 12.1.0.2.0 - Production
  Time: 31-MAR-2021 02:47:22
  Tracing not turned on.
  Tns error struct:
    ns main err code: 12541
    
TNS-12541: Message 12541 not found; No message file for product=network, facility=TNS
    ns secondary err code: 12560
    nt main err code: 511
    
TNS-00511: Message 511 not found; No message file for product=network, facility=TNS
    nt secondary err code: 111
    nt OS err code: 0


***********************************************************************

Fatal NI connect error 12541, connecting to:
 (DESCRIPTION=(ADDRESS=(PROTOCOL=TCP)(HOST=10.3.22.55)(PORT=1531))(CONNECT_DATA=(SERVICE_NAME=DEV)(CID=(PROGRAM=php-fpm:?pool?www)(HOST=e50ddeee3c05)(USER=www-data))))

  VERSION INFORMATION:
	TNS for Linux: Version 12.1.0.2.0 - Production
	TCP/IP NT Protocol Adapter for Linux: Version 12.1.0.2.0 - Production
  Time: 31-MAR-2021 02:53:19
  Tracing not turned on.
  Tns error struct:
    ns main err code: 12541
    
TNS-12541: Message 12541 not found; No message file for product=network, facility=TNS
    ns secondary err code: 12560
    nt main err code: 511
    
TNS-00511: Message 511 not found; No message file for product=network, facility=TNS
    nt secondary err code: 111
    nt OS err code: 0


***********************************************************************

Fatal NI connect error 12541, connecting to:
 (DESCRIPTION=(ADDRESS=(PROTOCOL=TCP)(HOST=10.3.22.55)(PORT=1531))(CONNECT_DATA=(SERVICE_NAME=DEV)(CID=(PROGRAM=php-fpm:?pool?www)(HOST=e50ddeee3c05)(USER=www-data))))

  VERSION INFORMATION:
	TNS for Linux: Version 12.1.0.2.0 - Production
	TCP/IP NT Protocol Adapter for Linux: Version 12.1.0.2.0 - Production
  Time: 31-MAR-2021 02:53:21
  Tracing not turned on.
  Tns error struct:
    ns main err code: 12541
    
TNS-12541: Message 12541 not found; No message file for product=network, facility=TNS
    ns secondary err code: 12560
    nt main err code: 511
    
TNS-00511: Message 511 not found; No message file for product=network, facility=TNS
    nt secondary err code: 111
    nt OS err code: 0
Wed Mar 31 02:58:34 2021


***********************************************************************

Fatal NI connect error 12541, connecting to:
 (DESCRIPTION=(ADDRESS=(PROTOCOL=TCP)(HOST=10.3.22.55)(PORT=1531))(CONNECT_DATA=(SERVICE_NAME=DEV)(CID=(PROGRAM=php-fpm:?pool?www)(HOST=e50ddeee3c05)(USER=www-data))))

  VERSION INFORMATION:
	TNS for Linux: Version 12.1.0.2.0 - Production
	TCP/IP NT Protocol Adapter for Linux: Version 12.1.0.2.0 - Production
  Time: 31-MAR-2021 02:58:34
  Tracing not turned on.
  Tns error struct:
    ns main err code: 12541
    
TNS-12541: Message 12541 not found; No message file for product=network, facility=TNS
    ns secondary err code: 12560
    nt main err code: 511
    
TNS-00511: Message 511 not found; No message file for product=network, facility=TNS
    nt secondary err code: 111
    nt OS err code: 0
