Tue Feb 16 11:36:21 2021
Create Relation ADR_CONTROL
Create Relation ADR_INVALIDATION
Create Relation INC_METER_IMPT_DEF
Create Relation INC_METER_PK_IMPTS


***********************************************************************

Fatal NI connect error 12170.

  VERSION INFORMATION:
	TNS for Linux: Version 12.1.0.2.0 - Production
	TCP/IP NT Protocol Adapter for Linux: Version 12.1.0.2.0 - Production
  Time: 16-FEB-2021 11:36:22
  Tracing not turned on.
  Tns error struct:
    ns main err code: 12535
    
TNS-12535: Message 12535 not found; No message file for product=network, facility=TNS
    ns secondary err code: 12560
    nt main err code: 505
    
TNS-00505: Message 505 not found; No message file for product=network, facility=TNS
    nt secondary err code: 110
    nt OS err code: 0
  Client address: <unknown>
Tue Feb 16 11:37:58 2021


***********************************************************************

Fatal NI connect error 12170.

  VERSION INFORMATION:
	TNS for Linux: Version 12.1.0.2.0 - Production
	TCP/IP NT Protocol Adapter for Linux: Version 12.1.0.2.0 - Production
  Time: 16-FEB-2021 11:37:58
  Tracing not turned on.
  Tns error struct:
    ns main err code: 12535
    
TNS-12535: Message 12535 not found; No message file for product=network, facility=TNS
    ns secondary err code: 12560
    nt main err code: 505
    
TNS-00505: Message 505 not found; No message file for product=network, facility=TNS
    nt secondary err code: 110
    nt OS err code: 0
  Client address: <unknown>
Tue Feb 16 11:38:16 2021


***********************************************************************

Fatal NI connect error 12170.

  VERSION INFORMATION:
	TNS for Linux: Version 12.1.0.2.0 - Production
	TCP/IP NT Protocol Adapter for Linux: Version 12.1.0.2.0 - Production
  Time: 16-FEB-2021 11:38:16
  Tracing not turned on.
  Tns error struct:
    ns main err code: 12535
    
TNS-12535: Message 12535 not found; No message file for product=network, facility=TNS
    ns secondary err code: 12560
    nt main err code: 505
    
TNS-00505: Message 505 not found; No message file for product=network, facility=TNS
    nt secondary err code: 110
    nt OS err code: 0
  Client address: <unknown>
