Fri Mar 19 06:08:02 2021
Create Relation ADR_CONTROL
Create Relation ADR_INVALIDATION
Create Relation INC_METER_IMPT_DEF
Create Relation INC_METER_PK_IMPTS


***********************************************************************

Fatal NI connect error 12170.

  VERSION INFORMATION:
	TNS for Linux: Version 12.1.0.2.0 - Production
	TCP/IP NT Protocol Adapter for Linux: Version 12.1.0.2.0 - Production
  Time: 19-MAR-2021 06:08:03
  Tracing not turned on.
  Tns error struct:
    ns main err code: 12535
    
TNS-12535: Message 12535 not found; No message file for product=network, facility=TNS
    ns secondary err code: 12560
    nt main err code: 505
    
TNS-00505: Message 505 not found; No message file for product=network, facility=TNS
    nt secondary err code: 110
    nt OS err code: 0
  Client address: <unknown>
Fri Mar 19 08:01:09 2021


***********************************************************************

Fatal NI connect error 12541, connecting to:
 (DESCRIPTION=(ADDRESS=(PROTOCOL=TCP)(HOST=10.3.22.55)(PORT=1531))(CONNECT_DATA=(SERVICE_NAME=DEV)(CID=(PROGRAM=php-fpm:?pool?www)(HOST=341ace4a7935)(USER=www-data))))

  VERSION INFORMATION:
	TNS for Linux: Version 12.1.0.2.0 - Production
	TCP/IP NT Protocol Adapter for Linux: Version 12.1.0.2.0 - Production
  Time: 19-MAR-2021 08:01:09
  Tracing not turned on.
  Tns error struct:
    ns main err code: 12541
    
TNS-12541: Message 12541 not found; No message file for product=network, facility=TNS
    ns secondary err code: 12560
    nt main err code: 511
    
TNS-00511: Message 511 not found; No message file for product=network, facility=TNS
    nt secondary err code: 111
    nt OS err code: 0


***********************************************************************

Fatal NI connect error 12170.

  VERSION INFORMATION:
	TNS for Linux: Version 12.1.0.2.0 - Production
	TCP/IP NT Protocol Adapter for Linux: Version 12.1.0.2.0 - Production
  Time: 19-MAR-2021 08:21:00
  Tracing not turned on.
  Tns error struct:
    ns main err code: 12535
    
TNS-12535: Message 12535 not found; No message file for product=network, facility=TNS
    ns secondary err code: 12560
    nt main err code: 505
    
TNS-00505: Message 505 not found; No message file for product=network, facility=TNS
    nt secondary err code: 110
    nt OS err code: 0
  Client address: <unknown>
Fri Mar 19 08:21:13 2021


***********************************************************************

Fatal NI connect error 12170.

  VERSION INFORMATION:
	TNS for Linux: Version 12.1.0.2.0 - Production
	TCP/IP NT Protocol Adapter for Linux: Version 12.1.0.2.0 - Production
  Time: 19-MAR-2021 08:21:13
  Tracing not turned on.
  Tns error struct:
    ns main err code: 12535
    
TNS-12535: Message 12535 not found; No message file for product=network, facility=TNS
    ns secondary err code: 12560
    nt main err code: 505
    
TNS-00505: Message 505 not found; No message file for product=network, facility=TNS
    nt secondary err code: 110
    nt OS err code: 0
  Client address: <unknown>
Fri Mar 19 08:21:48 2021


***********************************************************************

Fatal NI connect error 12170.

  VERSION INFORMATION:
	TNS for Linux: Version 12.1.0.2.0 - Production
	TCP/IP NT Protocol Adapter for Linux: Version 12.1.0.2.0 - Production
  Time: 19-MAR-2021 08:21:48
  Tracing not turned on.
  Tns error struct:
    ns main err code: 12535
    
TNS-12535: Message 12535 not found; No message file for product=network, facility=TNS
    ns secondary err code: 12560
    nt main err code: 505
    
TNS-00505: Message 505 not found; No message file for product=network, facility=TNS
    nt secondary err code: 110
    nt OS err code: 0
  Client address: <unknown>


***********************************************************************

Fatal NI connect error 12170.

  VERSION INFORMATION:
	TNS for Linux: Version 12.1.0.2.0 - Production
	TCP/IP NT Protocol Adapter for Linux: Version 12.1.0.2.0 - Production
  Time: 19-MAR-2021 08:40:39
  Tracing not turned on.
  Tns error struct:
    ns main err code: 12535
    
TNS-12535: Message 12535 not found; No message file for product=network, facility=TNS
    ns secondary err code: 12560
    nt main err code: 505
    
TNS-00505: Message 505 not found; No message file for product=network, facility=TNS
    nt secondary err code: 110
    nt OS err code: 0
  Client address: <unknown>


***********************************************************************

Fatal NI connect error 12170.

  VERSION INFORMATION:
	TNS for Linux: Version 12.1.0.2.0 - Production
	TCP/IP NT Protocol Adapter for Linux: Version 12.1.0.2.0 - Production
  Time: 19-MAR-2021 08:40:58
  Tracing not turned on.
  Tns error struct:
    ns main err code: 12535
    
TNS-12535: Message 12535 not found; No message file for product=network, facility=TNS
    ns secondary err code: 12560
    nt main err code: 505
    
TNS-00505: Message 505 not found; No message file for product=network, facility=TNS
    nt secondary err code: 110
    nt OS err code: 0
  Client address: <unknown>
Fri Mar 19 10:47:32 2021


***********************************************************************

Fatal NI connect error 12541, connecting to:
 (DESCRIPTION=(ADDRESS=(PROTOCOL=TCP)(HOST=10.3.22.55)(PORT=1531))(CONNECT_DATA=(SERVICE_NAME=DEV)(CID=(PROGRAM=php-fpm:?pool?www)(HOST=341ace4a7935)(USER=www-data))))

  VERSION INFORMATION:
	TNS for Linux: Version 12.1.0.2.0 - Production
	TCP/IP NT Protocol Adapter for Linux: Version 12.1.0.2.0 - Production
  Time: 19-MAR-2021 22:46:51
  Tracing not turned on.
  Tns error struct:
    ns main err code: 12541
    
TNS-12541: Message 12541 not found; No message file for product=network, facility=TNS
    ns secondary err code: 12560
    nt main err code: 511
    
TNS-00511: Message 511 not found; No message file for product=network, facility=TNS
    nt secondary err code: 111
    nt OS err code: 0
Mon Mar 22 05:58:47 2021


***********************************************************************

Fatal NI connect error 12170.

  VERSION INFORMATION:
	TNS for Linux: Version 12.1.0.2.0 - Production
	TCP/IP NT Protocol Adapter for Linux: Version 12.1.0.2.0 - Production
  Time: 22-MAR-2021 05:58:47
  Tracing not turned on.
  Tns error struct:
    ns main err code: 12535
    
TNS-12535: Message 12535 not found; No message file for product=network, facility=TNS
    ns secondary err code: 12560
    nt main err code: 505
    
TNS-00505: Message 505 not found; No message file for product=network, facility=TNS
    nt secondary err code: 110
    nt OS err code: 0
  Client address: <unknown>
Mon Mar 22 08:11:39 2021


***********************************************************************

Fatal NI connect error 12170.

  VERSION INFORMATION:
	TNS for Linux: Version 12.1.0.2.0 - Production
	TCP/IP NT Protocol Adapter for Linux: Version 12.1.0.2.0 - Production
  Time: 22-MAR-2021 08:11:39
  Tracing not turned on.
  Tns error struct:
    ns main err code: 12535
    
TNS-12535: Message 12535 not found; No message file for product=network, facility=TNS
    ns secondary err code: 12560
    nt main err code: 505
    
TNS-00505: Message 505 not found; No message file for product=network, facility=TNS
    nt secondary err code: 110
    nt OS err code: 0
  Client address: <unknown>
Mon Mar 22 09:55:55 2021


***********************************************************************

Fatal NI connect error 12170.

  VERSION INFORMATION:
	TNS for Linux: Version 12.1.0.2.0 - Production
	TCP/IP NT Protocol Adapter for Linux: Version 12.1.0.2.0 - Production
  Time: 22-MAR-2021 09:55:55
  Tracing not turned on.
  Tns error struct:
    ns main err code: 12535
    
TNS-12535: Message 12535 not found; No message file for product=network, facility=TNS
    ns secondary err code: 12560
    nt main err code: 505
    
TNS-00505: Message 505 not found; No message file for product=network, facility=TNS
    nt secondary err code: 110
    nt OS err code: 0
  Client address: <unknown>
